#
# There is insufficient memory for the Java Runtime Environment to continue.
# Native memory allocation (malloc) failed to allocate 407696 bytes for Chunk::new
# Possible reasons:
#   The system is out of physical RAM or swap space
#   The process is running with CompressedOops enabled, and the Java Heap may be blocking the growth of the native heap
# Possible solutions:
#   Reduce memory load on the system
#   Increase physical memory or swap space
#   Check if swap backing store is full
#   Decrease Java heap size (-Xmx/-Xms)
#   Decrease number of Java threads
#   Decrease Java thread stack sizes (-Xss)
#   Set larger code cache with -XX:ReservedCodeCacheSize=
#   JVM is running with Zero Based Compressed Oops mode in which the Java heap is
#     placed in the first 32GB address space. The Java Heap base address is the
#     maximum limit for the native heap growth. Please use -XX:HeapBaseMinAddress
#     to set the Java Heap base and to place the Java Heap above 32GB virtual address.
# This output file may be truncated or incomplete.
#
#  Out of Memory Error (allocation.cpp:389), pid=27644, tid=0x0000000000002028
#
# JRE version: Java(TM) SE Runtime Environment (8.0_202-b08) (build 1.8.0_202-b08)
# Java VM: Java HotSpot(TM) 64-Bit Server VM (25.202-b08 mixed mode windows-amd64 compressed oops)
# Failed to write core dump. Minidumps are not enabled by default on client versions of Windows
#

---------------  T H R E A D  ---------------

Current thread (0x0000000027618000):  JavaThread "C2 CompilerThread2" daemon [_thread_in_native, id=8232, stack(0x0000000029470000,0x0000000029570000)]

Stack: [0x0000000029470000,0x0000000029570000]
[error occurred during error reporting (printing stack bounds), id 0xc0000005]

Native frames: (J=compiled Java code, j=interpreted, Vv=VM code, C=native code)


Current CompileTask:
C2: 332514 32278       4       java.util.List::sort (66 bytes)


---------------  P R O C E S S  ---------------

Java Threads: ( => current thread )
  0x000000002d568000 JavaThread "JM-task-4" [_thread_in_Java, id=10132, stack(0x00000000cf480000,0x00000000cf580000)]
  0x000000002d565800 JavaThread "JM-texture-3" [_thread_blocked, id=11328, stack(0x00000000cb780000,0x00000000cb880000)]
  0x000000002d56a000 JavaThread "JM-texture-2" [_thread_blocked, id=14024, stack(0x0000000000210000,0x0000000000310000)]
  0x000000002d56b800 JavaThread "pool-2-thread-1" [_thread_blocked, id=4252, stack(0x0000000000010000,0x0000000000110000)]
  0x000000002d562800 JavaThread "Keep-Alive-Timer" daemon [_thread_blocked, id=23328, stack(0x0000000000110000,0x0000000000210000)]
  0x000000002d55d800 JavaThread "Chunk Batcher 15" daemon [_thread_blocked, id=25092, stack(0x0000000060e30000,0x0000000060f30000)]
  0x000000002d564000 JavaThread "Chunk Batcher 14" daemon [_thread_blocked, id=18428, stack(0x000000005e620000,0x000000005e720000)]
  0x000000002d563800 JavaThread "Chunk Batcher 13" daemon [_thread_blocked, id=16820, stack(0x000000005d030000,0x000000005d130000)]
  0x000000002d561000 JavaThread "Chunk Batcher 12" daemon [_thread_blocked, id=25980, stack(0x000000005cf30000,0x000000005d030000)]
  0x000000002d560800 JavaThread "Chunk Batcher 11" daemon [_thread_blocked, id=24596, stack(0x000000005cc30000,0x000000005cd30000)]
  0x000000002d55f800 JavaThread "Chunk Batcher 10" daemon [_thread_blocked, id=20712, stack(0x000000005ca30000,0x000000005cb30000)]
  0x000000002d55f000 JavaThread "Chunk Batcher 9" daemon [_thread_blocked, id=14148, stack(0x000000005c930000,0x000000005ca30000)]
  0x0000000027692800 JavaThread "Chunk Batcher 8" daemon [_thread_blocked, id=8556, stack(0x000000005c830000,0x000000005c930000)]
  0x00000000382cd000 JavaThread "Chunk Batcher 7" daemon [_thread_blocked, id=7144, stack(0x000000004ddc0000,0x000000004dec0000)]
  0x0000000033419800 JavaThread "Chunk Batcher 6" daemon [_thread_blocked, id=28968, stack(0x0000000046190000,0x0000000046290000)]
  0x0000000033411000 JavaThread "Chunk Batcher 5" daemon [_thread_blocked, id=1940, stack(0x0000000045990000,0x0000000045a90000)]
  0x0000000033412800 JavaThread "Chunk Batcher 4" daemon [_thread_blocked, id=1676, stack(0x0000000045490000,0x0000000045590000)]
  0x000000003514c800 JavaThread "Chunk Batcher 3" daemon [_thread_blocked, id=17620, stack(0x0000000045390000,0x0000000045490000)]
  0x0000000035148000 JavaThread "Chunk Batcher 2" daemon [_thread_blocked, id=25240, stack(0x0000000044870000,0x0000000044970000)]
  0x0000000035144000 JavaThread "Chunk Batcher 1" daemon [_thread_blocked, id=22404, stack(0x0000000044470000,0x0000000044570000)]
  0x000000002d0eb800 JavaThread "Chunk Batcher 0" daemon [_thread_blocked, id=25068, stack(0x0000000044270000,0x0000000044370000)]
  0x000000002d0e2800 JavaThread "Chunk I/O Executor Thread-1" daemon [_thread_blocked, id=15160, stack(0x0000000044170000,0x0000000044270000)]
  0x000000002d0df000 JavaThread "Netty Server IO #1" daemon [_thread_in_native, id=13704, stack(0x0000000044770000,0x0000000044870000)]
  0x000000003514f800 JavaThread "Netty Local Client IO #0" daemon [_thread_blocked, id=26412, stack(0x0000000044670000,0x0000000044770000)]
  0x000000003514e800 JavaThread "Netty Server IO #0" daemon [_thread_in_native, id=18952, stack(0x000000003f390000,0x000000003f490000)]
  0x0000000035141000 JavaThread "Thread-18" [_thread_blocked, id=14940, stack(0x0000000044370000,0x0000000044470000)]
  0x00000000382d0000 JavaThread "Thread-15" [_thread_blocked, id=2744, stack(0x0000000044070000,0x0000000044170000)]
  0x00000000382d1800 JavaThread "Server thread" [_thread_blocked, id=1608, stack(0x000000003ef90000,0x000000003f090000)]
  0x00000000382cd800 JavaThread "Snooper Timer" daemon [_thread_in_native, id=27084, stack(0x000000003b6c0000,0x000000003b7c0000)]
  0x00000000382c5800 JavaThread "Narrator" daemon [_thread_blocked, id=21792, stack(0x0000000043d70000,0x0000000043e70000)]
  0x00000000382c4800 JavaThread "ForkJoinPool.commonPool-worker-6" daemon [_thread_blocked, id=15320, stack(0x000000005cb30000,0x000000005cc30000)]
  0x0000000035147000 JavaThread "pool-4-thread-9" [_thread_blocked, id=27316, stack(0x000000005ef20000,0x000000005f020000)]
  0x0000000035146800 JavaThread "pool-4-thread-8" [_thread_blocked, id=24052, stack(0x000000005ee20000,0x000000005ef20000)]
  0x000000003341d000 JavaThread "pool-4-thread-7" [_thread_blocked, id=4156, stack(0x000000005ed20000,0x000000005ee20000)]
  0x0000000033420000 JavaThread "pool-4-thread-6" [_thread_blocked, id=5072, stack(0x000000005ec20000,0x000000005ed20000)]
  0x000000003341e800 JavaThread "pool-4-thread-5" [_thread_blocked, id=10016, stack(0x000000005e860000,0x000000005e960000)]
  0x000000003341c800 JavaThread "pool-4-thread-4" [_thread_blocked, id=22228, stack(0x000000005e760000,0x000000005e860000)]
  0x000000003341f800 JavaThread "pool-4-thread-3" [_thread_blocked, id=10464, stack(0x0000000046090000,0x0000000046190000)]
  0x000000003341b800 JavaThread "pool-4-thread-2" [_thread_blocked, id=4672, stack(0x000000003f090000,0x000000003f190000)]
  0x000000003341b000 JavaThread "pool-4-thread-1" [_thread_blocked, id=6700, stack(0x000000003ed90000,0x000000003ee90000)]
  0x0000000033418800 JavaThread "Ender IO Scheduler" [_thread_blocked, id=23644, stack(0x000000003ee90000,0x000000003ef90000)]
  0x000000002d0e6800 JavaThread "pool-3-thread-1" [_thread_blocked, id=18924, stack(0x000000003f590000,0x000000003f690000)]
  0x000000002d0de000 JavaThread "ForkJoinPool.commonPool-worker-14" daemon [_thread_blocked, id=16164, stack(0x000000003f490000,0x000000003f590000)]
  0x0000000035140800 JavaThread "Thread-9" [_thread_blocked, id=14508, stack(0x0000000046590000,0x0000000046690000)]
  0x000000002d0eb000 JavaThread "Thread-8" [_thread_blocked, id=3600, stack(0x0000000046290000,0x0000000046390000)]
  0x000000002d0e9800 JavaThread "File IO Thread" [_thread_blocked, id=19468, stack(0x0000000045890000,0x0000000045990000)]
  0x000000002d0e0800 JavaThread "Keep-Alive-SocketCleaner" daemon [_thread_blocked, id=27492, stack(0x000000003fa60000,0x000000003fb60000)]
  0x000000002d0e5000 JavaThread "ForkJoinPool.commonPool-worker-3" daemon [_thread_blocked, id=17604, stack(0x0000000045f90000,0x0000000046090000)]
  0x000000002d0dd800 JavaThread "ForkJoinPool.commonPool-worker-1" daemon [_thread_blocked, id=17336, stack(0x0000000045e90000,0x0000000045f90000)]
  0x0000000031f4b000 JavaThread "LWJGL Timer" daemon [_thread_blocked, id=25968, stack(0x0000000045590000,0x0000000045690000)]
  0x000000002cec8000 JavaThread "Java2D Disposer" daemon [_thread_blocked, id=13084, stack(0x0000000030bb0000,0x0000000030cb0000)]
  0x0000000033a1c800 JavaThread "Timer hack thread" daemon [_thread_blocked, id=17660, stack(0x000000002fa40000,0x000000002fb40000)]
  0x0000000033dd5800 JavaThread "Snooper Timer" daemon [_thread_blocked, id=2340, stack(0x000000002f930000,0x000000002fa30000)]
  0x00000000276e7800 JavaThread "Service Thread" daemon [_thread_blocked, id=22672, stack(0x0000000029f70000,0x000000002a070000)]
  0x0000000027693000 JavaThread "C1 CompilerThread11" daemon [_thread_blocked, id=15356, stack(0x0000000029e70000,0x0000000029f70000)]
  0x000000002768f800 JavaThread "C1 CompilerThread10" daemon [_thread_blocked, id=29328, stack(0x0000000029d70000,0x0000000029e70000)]
  0x000000002768e800 JavaThread "C1 CompilerThread9" daemon [_thread_in_vm, id=27468, stack(0x0000000029c70000,0x0000000029d70000)]
  0x000000002768e000 JavaThread "C1 CompilerThread8" daemon [_thread_in_native, id=25412, stack(0x0000000029a70000,0x0000000029b70000)]
  0x000000002768c800 JavaThread "C2 CompilerThread7" daemon [_thread_blocked, id=22068, stack(0x0000000029970000,0x0000000029a70000)]
  0x000000002766b000 JavaThread "C2 CompilerThread6" daemon [_thread_blocked, id=26908, stack(0x0000000029870000,0x0000000029970000)]
  0x0000000027658800 JavaThread "C2 CompilerThread5" daemon [_thread_blocked, id=16560, stack(0x0000000029770000,0x0000000029870000)]
  0x000000002762b800 JavaThread "C2 CompilerThread4" daemon [_thread_in_native, id=6288, stack(0x0000000029670000,0x0000000029770000)]
  0x000000002761b000 JavaThread "C2 CompilerThread3" daemon [_thread_blocked, id=11448, stack(0x0000000029570000,0x0000000029670000)]
=>0x0000000027618000 JavaThread "C2 CompilerThread2" daemon [_thread_in_native, id=8232, stack(0x0000000029470000,0x0000000029570000)]
  0x0000000027613000 JavaThread "C2 CompilerThread1" daemon [_thread_blocked, id=22744, stack(0x0000000029370000,0x0000000029470000)]
  0x0000000027611800 JavaThread "C2 CompilerThread0" daemon [_thread_blocked, id=7784, stack(0x0000000029270000,0x0000000029370000)]
  0x0000000027610800 JavaThread "Attach Listener" daemon [_thread_blocked, id=16592, stack(0x0000000029170000,0x0000000029270000)]
  0x000000002760d800 JavaThread "Signal Dispatcher" daemon [_thread_blocked, id=12604, stack(0x0000000029070000,0x0000000029170000)]
  0x0000000025b79800 JavaThread "Finalizer" daemon [_thread_blocked, id=2756, stack(0x0000000028e70000,0x0000000028f70000)]
  0x00000000275f6000 JavaThread "Reference Handler" daemon [_thread_blocked, id=11756, stack(0x0000000028d70000,0x0000000028e70000)]
  0x00000000027e4800 JavaThread "Client thread" [_thread_in_Java, id=23016, stack(0x0000000002660000,0x0000000002760000)]

Other Threads:
  0x0000000025b66000 VMThread [stack: 0x0000000028c70000,0x0000000028d70000] [id=21944]
  0x0000000027733000 WatcherThread [stack: 0x000000002a070000,0x000000002a170000] [id=11544]

VM state:not at safepoint (normal execution)

VM Mutex/Monitor currently owned by a thread:  ([mutex/lock_event])
[0x00000000027e2be0] CompiledIC_lock - owner thread: 0x000000002768e800

OutOfMemory and StackOverflow Exception counts:
OutOfMemoryError java_heap_errors=2

heap address: 0x00000005c6000000, size: 8096 MB, Compressed Oops mode: Zero based, Oop shift amount: 3
Narrow klass base: 0x0000000000000000, Narrow klass shift: 3
Compressed class space size: 1073741824 Address: 0x00000007c0000000

Heap:
 PSYoungGen      total 1848832K, used 1066011K [0x0000000717580000, 0x00000007b8b80000, 0x00000007c0000000)
  eden space 1577984K, 67% used [0x0000000717580000,0x0000000758686f48,0x0000000777a80000)
  from space 270848K, 0% used [0x0000000777a80000,0x0000000777a80000,0x0000000788300000)
  to   space 532992K, 0% used [0x0000000798300000,0x0000000798300000,0x00000007b8b80000)
 ParOldGen       total 3494400K, used 2684607K [0x00000005c6000000, 0x000000069b480000, 0x0000000717580000)
  object space 3494400K, 76% used [0x00000005c6000000,0x0000000669dafe80,0x000000069b480000)
 Metaspace       used 199497K, capacity 207225K, committed 207360K, reserved 1224704K
  class space    used 30683K, capacity 32715K, committed 32768K, reserved 1048576K

Card table byte_map: [0x0000000011ca0000,0x0000000012c80000] byte_map_base: 0x000000000ee70000

Marking Bits: (ParMarkBitMap*) 0x0000000074675ce0
 Begin Bits: [0x0000000014410000, 0x000000001c290000)
 End Bits:   [0x000000001c290000, 0x0000000024110000)

Polling page: 0x0000000000d30000

CodeCache: size=245760Kb used=84489Kb max_used=84608Kb free=161270Kb
 bounds [0x00000000028e0000, 0x0000000007c10000, 0x00000000118e0000]
 total_blobs=23765 nmethods=22135 adapters=1538
 compilation: enabled

Compilation events (10 events):
Event: 332.510 Thread 0x000000002768e800 32336       3       codechicken.lib.render.pipeline.ColourMultiplier::operationID (4 bytes)
Event: 332.510 Thread 0x000000002768e000 32337       3       codechicken.lib.render.pipeline.ColourMultiplier::load (23 bytes)
Event: 332.510 Thread 0x000000002768e800 nmethod 32336 0x0000000007bf5890 code [0x0000000007bf59e0, 0x0000000007bf5b30]
Event: 332.510 Thread 0x000000002768e800 32338       3       org.apache.commons.lang3.tuple.Pair::equals (59 bytes)
Event: 332.511 Thread 0x000000002768e800 nmethod 32338 0x0000000007bf4790 code [0x0000000007bf49a0, 0x0000000007bf55f8]
Event: 332.511 Thread 0x000000002768e000 nmethod 32337 0x0000000007bf36d0 code [0x0000000007bf38c0, 0x0000000007bf41b8]
Event: 332.511 Thread 0x000000002768e800 32339       3       net.minecraftforge.client.event.RenderGameOverlayEvent$Post::setup (26 bytes)
Event: 332.511 Thread 0x000000002768e000 32340       3       net.minecraftforge.client.event.RenderGameOverlayEvent$Post::getListenerList (4 bytes)
Event: 332.511 Thread 0x000000002768e000 nmethod 32340 0x0000000006d23ad0 code [0x0000000006d23c20, 0x0000000006d23d90]
Event: 332.512 Thread 0x000000002768f800 nmethod 32335 0x0000000007bf0010 code [0x0000000007bf02c0, 0x0000000007bf15e8]

GC Heap History (10 events):
Event: 305.503 GC heap before
{Heap before GC invocations=69 (full 9):
 PSYoungGen      total 2053632K, used 0K [0x0000000717580000, 0x00000007b9d80000, 0x00000007c0000000)
  eden space 1472512K, 0% used [0x0000000717580000,0x0000000717580000,0x0000000771380000)
  from space 581120K, 0% used [0x0000000795400000,0x0000000795400000,0x00000007b8b80000)
  to   space 590336K, 0% used [0x0000000771380000,0x0000000771380000,0x0000000795400000)
 ParOldGen       total 3494400K, used 2575443K [0x00000005c6000000, 0x000000069b480000, 0x0000000717580000)
  object space 3494400K, 73% used [0x00000005c6000000,0x0000000663314f10,0x000000069b480000)
 Metaspace       used 190071K, capacity 197305K, committed 197376K, reserved 1214464K
  class space    used 29547K, capacity 31459K, committed 31488K, reserved 1048576K
Event: 306.433 GC heap after
Heap after GC invocations=69 (full 9):
 PSYoungGen      total 2053632K, used 0K [0x0000000717580000, 0x00000007b9d80000, 0x00000007c0000000)
  eden space 1472512K, 0% used [0x0000000717580000,0x0000000717580000,0x0000000771380000)
  from space 581120K, 0% used [0x0000000795400000,0x0000000795400000,0x00000007b8b80000)
  to   space 590336K, 0% used [0x0000000771380000,0x0000000771380000,0x0000000795400000)
 ParOldGen       total 3494400K, used 2575443K [0x00000005c6000000, 0x000000069b480000, 0x0000000717580000)
  object space 3494400K, 73% used [0x00000005c6000000,0x0000000663314ef0,0x000000069b480000)
 Metaspace       used 190071K, capacity 197305K, committed 197376K, reserved 1214464K
  class space    used 29547K, capacity 31459K, committed 31488K, reserved 1048576K
}
Event: 310.006 GC heap before
{Heap before GC invocations=70 (full 9):
 PSYoungGen      total 2053632K, used 1472512K [0x0000000717580000, 0x00000007b9d80000, 0x00000007c0000000)
  eden space 1472512K, 100% used [0x0000000717580000,0x0000000771380000,0x0000000771380000)
  from space 581120K, 0% used [0x0000000795400000,0x0000000795400000,0x00000007b8b80000)
  to   space 590336K, 0% used [0x0000000771380000,0x0000000771380000,0x0000000795400000)
 ParOldGen       total 3494400K, used 2575443K [0x00000005c6000000, 0x000000069b480000, 0x0000000717580000)
  object space 3494400K, 73% used [0x00000005c6000000,0x0000000663314ef0,0x000000069b480000)
 Metaspace       used 190963K, capacity 198255K, committed 198528K, reserved 1216512K
  class space    used 29664K, capacity 31590K, committed 31616K, reserved 1048576K
Event: 310.059 GC heap after
Heap after GC invocations=70 (full 9):
 PSYoungGen      total 2062848K, used 110412K [0x0000000717580000, 0x00000007be380000, 0x00000007c0000000)
  eden space 1472512K, 0% used [0x0000000717580000,0x0000000717580000,0x0000000771380000)
  from space 590336K, 18% used [0x0000000771380000,0x0000000777f53000,0x0000000795400000)
  to   space 573440K, 0% used [0x000000079b380000,0x000000079b380000,0x00000007be380000)
 ParOldGen       total 3494400K, used 2575451K [0x00000005c6000000, 0x000000069b480000, 0x0000000717580000)
  object space 3494400K, 73% used [0x00000005c6000000,0x0000000663316ef0,0x000000069b480000)
 Metaspace       used 190963K, capacity 198255K, committed 198528K, reserved 1216512K
  class space    used 29664K, capacity 31590K, committed 31616K, reserved 1048576K
}
Event: 317.932 GC heap before
{Heap before GC invocations=71 (full 9):
 PSYoungGen      total 2062848K, used 1582924K [0x0000000717580000, 0x00000007be380000, 0x00000007c0000000)
  eden space 1472512K, 100% used [0x0000000717580000,0x0000000771380000,0x0000000771380000)
  from space 590336K, 18% used [0x0000000771380000,0x0000000777f53000,0x0000000795400000)
  to   space 573440K, 0% used [0x000000079b380000,0x000000079b380000,0x00000007be380000)
 ParOldGen       total 3494400K, used 2575451K [0x00000005c6000000, 0x000000069b480000, 0x0000000717580000)
  object space 3494400K, 73% used [0x00000005c6000000,0x0000000663316ef0,0x000000069b480000)
 Metaspace       used 191814K, capacity 199123K, committed 199168K, reserved 1216512K
  class space    used 29772K, capacity 31730K, committed 31744K, reserved 1048576K
Event: 318.039 GC heap after
Heap after GC invocations=71 (full 9):
 PSYoungGen      total 2086912K, used 236058K [0x0000000717580000, 0x00000007ba480000, 0x00000007c0000000)
  eden space 1577984K, 0% used [0x0000000717580000,0x0000000717580000,0x0000000777a80000)
  from space 508928K, 46% used [0x000000079b380000,0x00000007a9a06a18,0x00000007ba480000)
  to   space 545792K, 0% used [0x0000000777a80000,0x0000000777a80000,0x0000000798f80000)
 ParOldGen       total 3494400K, used 2575459K [0x00000005c6000000, 0x000000069b480000, 0x0000000717580000)
  object space 3494400K, 73% used [0x00000005c6000000,0x0000000663318ef0,0x000000069b480000)
 Metaspace       used 191814K, capacity 199123K, committed 199168K, reserved 1216512K
  class space    used 29772K, capacity 31730K, committed 31744K, reserved 1048576K
}
Event: 324.137 GC heap before
{Heap before GC invocations=72 (full 9):
 PSYoungGen      total 2086912K, used 1170555K [0x0000000717580000, 0x00000007ba480000, 0x00000007c0000000)
  eden space 1577984K, 59% used [0x0000000717580000,0x0000000750618330,0x0000000777a80000)
  from space 508928K, 46% used [0x000000079b380000,0x00000007a9a06a18,0x00000007ba480000)
  to   space 545792K, 0% used [0x0000000777a80000,0x0000000777a80000,0x0000000798f80000)
 ParOldGen       total 3494400K, used 2575459K [0x00000005c6000000, 0x000000069b480000, 0x0000000717580000)
  object space 3494400K, 73% used [0x00000005c6000000,0x0000000663318ef0,0x000000069b480000)
 Metaspace       used 196705K, capacity 204187K, committed 204416K, reserved 1220608K
  class space    used 30368K, capacity 32366K, committed 32384K, reserved 1048576K
Event: 324.283 GC heap after
Heap after GC invocations=72 (full 9):
 PSYoungGen      total 1848832K, used 270623K [0x0000000717580000, 0x00000007b8b80000, 0x00000007c0000000)
  eden space 1577984K, 0% used [0x0000000717580000,0x0000000717580000,0x0000000777a80000)
  from space 270848K, 99% used [0x0000000777a80000,0x00000007882c7db8,0x0000000788300000)
  to   space 532992K, 0% used [0x0000000798300000,0x0000000798300000,0x00000007b8b80000)
 ParOldGen       total 3494400K, used 2575467K [0x00000005c6000000, 0x000000069b480000, 0x0000000717580000)
  object space 3494400K, 73% used [0x00000005c6000000,0x000000066331aef0,0x000000069b480000)
 Metaspace       used 196705K, capacity 204187K, committed 204416K, reserved 1220608K
  class space    used 30368K, capacity 32366K, committed 32384K, reserved 1048576K
}
Event: 324.283 GC heap before
{Heap before GC invocations=73 (full 10):
 PSYoungGen      total 1848832K, used 270623K [0x0000000717580000, 0x00000007b8b80000, 0x00000007c0000000)
  eden space 1577984K, 0% used [0x0000000717580000,0x0000000717580000,0x0000000777a80000)
  from space 270848K, 99% used [0x0000000777a80000,0x00000007882c7db8,0x0000000788300000)
  to   space 532992K, 0% used [0x0000000798300000,0x0000000798300000,0x00000007b8b80000)
 ParOldGen       total 3494400K, used 2575467K [0x00000005c6000000, 0x000000069b480000, 0x0000000717580000)
  object space 3494400K, 73% used [0x00000005c6000000,0x000000066331aef0,0x000000069b480000)
 Metaspace       used 196705K, capacity 204187K, committed 204416K, reserved 1220608K
  class space    used 30368K, capacity 32366K, committed 32384K, reserved 1048576K
Event: 328.383 GC heap after
Heap after GC invocations=73 (full 10):
 PSYoungGen      total 1848832K, used 0K [0x0000000717580000, 0x00000007b8b80000, 0x00000007c0000000)
  eden space 1577984K, 0% used [0x0000000717580000,0x0000000717580000,0x0000000777a80000)
  from space 270848K, 0% used [0x0000000777a80000,0x0000000777a80000,0x0000000788300000)
  to   space 532992K, 0% used [0x0000000798300000,0x0000000798300000,0x00000007b8b80000)
 ParOldGen       total 3494400K, used 2684607K [0x00000005c6000000, 0x000000069b480000, 0x0000000717580000)
  object space 3494400K, 76% used [0x00000005c6000000,0x0000000669dafe80,0x000000069b480000)
 Metaspace       used 196705K, capacity 204187K, committed 204416K, reserved 1220608K
  class space    used 30368K, capacity 32366K, committed 32384K, reserved 1048576K
}

Deoptimization events (10 events):
Event: 331.879 Thread 0x00000000027e4800 Uncommon trap: reason=class_check action=maybe_recompile pc=0x0000000005f89dd8 method=com.google.common.cache.LocalCache.isExpired(Lcom/google/common/cache/LocalCache$ReferenceEntry;J)Z @ 39
Event: 331.879 Thread 0x00000000027e4800 Uncommon trap: reason=unstable_if action=reinterpret pc=0x0000000004d12590 method=com.google.common.cache.LocalCache$Segment.enqueueNotification(Ljava/lang/Object;ILjava/lang/Object;ILcom/google/common/cache/RemovalCause;)V @ 39
Event: 331.884 Thread 0x00000000027e4800 Uncommon trap: reason=null_assert action=make_not_entrant pc=0x0000000007b7929c method=com.google.common.cache.LocalCache.processPendingNotifications()V @ 9
Event: 331.889 Thread 0x00000000027e4800 Uncommon trap: reason=class_check action=maybe_recompile pc=0x00000000052abd24 method=com.google.common.cache.LocalCache$WriteQueue.offer(Lcom/google/common/cache/LocalCache$ReferenceEntry;)Z @ 1
Event: 331.984 Thread 0x00000000027e4800 Uncommon trap: reason=class_check action=maybe_recompile pc=0x00000000053ea690 method=com.google.common.cache.LocalCache.isExpired(Lcom/google/common/cache/LocalCache$ReferenceEntry;J)Z @ 39
Event: 331.985 Thread 0x00000000027e4800 Uncommon trap: reason=class_check action=maybe_recompile pc=0x000000000323d2fc method=com.google.common.cache.LocalCache.isExpired(Lcom/google/common/cache/LocalCache$ReferenceEntry;J)Z @ 39
Event: 331.986 Thread 0x00000000027e4800 Uncommon trap: reason=class_check action=maybe_recompile pc=0x0000000005f89dd8 method=com.google.common.cache.LocalCache.isExpired(Lcom/google/common/cache/LocalCache$ReferenceEntry;J)Z @ 39
Event: 332.042 Thread 0x00000000027e4800 Uncommon trap: reason=unstable_if action=reinterpret pc=0x0000000003153580 method=net.minecraft.client.resources.LegacyV2Adapter.func_191382_c(Lnet/minecraft/util/ResourceLocation;)Lnet/minecraft/util/ResourceLocation; @ 20
Event: 332.459 Thread 0x00000000027e4800 Uncommon trap: reason=unstable_if action=reinterpret pc=0x0000000005749e24 method=net.minecraft.client.Minecraft.func_90020_K()I @ 4
Event: 332.478 Thread 0x000000002d568000 Uncommon trap: reason=unstable_if action=reinterpret pc=0x00000000042c9a7c method=sun.awt.image.ByteInterleavedRaster.getByteData(IIII[B)[B @ 97

Classes redefined (0 events):
No events

Internal exceptions (10 events):
Event: 332.040 Thread 0x00000000027e4800 Exception <a 'java/io/IOException'> (0x0000000752834600) thrown at [C:\re\workspace\8-2-build-windows-amd64-cygwin\jdk8u202\12323\hotspot\src\share\vm\prims\jni.cpp, line 710]
Event: 332.041 Thread 0x00000000027e4800 Exception <a 'java/io/IOException'> (0x000000075284af38) thrown at [C:\re\workspace\8-2-build-windows-amd64-cygwin\jdk8u202\12323\hotspot\src\share\vm\prims\jni.cpp, line 710]
Event: 332.258 Thread 0x000000002d0eb000 Exception <a 'java/lang/InterruptedException': sleep interrupted> (0x000000071a92b398) thrown at [C:\re\workspace\8-2-build-windows-amd64-cygwin\jdk8u202\12323\hotspot\src\share\vm\prims\jvm.cpp, line 3336]
Event: 332.372 Thread 0x000000002d0eb000 Exception <a 'java/lang/InterruptedException': sleep interrupted> (0x000000071a92b640) thrown at [C:\re\workspace\8-2-build-windows-amd64-cygwin\jdk8u202\12323\hotspot\src\share\vm\prims\jvm.cpp, line 3336]
Event: 332.412 Thread 0x000000002d0eb000 Exception <a 'java/lang/InterruptedException': sleep interrupted> (0x000000071a92b8e8) thrown at [C:\re\workspace\8-2-build-windows-amd64-cygwin\jdk8u202\12323\hotspot\src\share\vm\prims\jvm.cpp, line 3336]
Event: 332.451 Thread 0x000000002d0eb000 Exception <a 'java/lang/InterruptedException': sleep interrupted> (0x000000071a92bb90) thrown at [C:\re\workspace\8-2-build-windows-amd64-cygwin\jdk8u202\12323\hotspot\src\share\vm\prims\jvm.cpp, line 3336]
Event: 332.451 Thread 0x000000002d0eb000 Exception <a 'java/lang/InterruptedException': sleep interrupted> (0x000000071a92be38) thrown at [C:\re\workspace\8-2-build-windows-amd64-cygwin\jdk8u202\12323\hotspot\src\share\vm\prims\jvm.cpp, line 3336]
Event: 332.470 Thread 0x000000002d0eb000 Exception <a 'java/lang/InterruptedException': sleep interrupted> (0x000000071a92c090) thrown at [C:\re\workspace\8-2-build-windows-amd64-cygwin\jdk8u202\12323\hotspot\src\share\vm\prims\jvm.cpp, line 3336]
Event: 332.479 Thread 0x000000002d0eb000 Exception <a 'java/lang/InterruptedException': sleep interrupted> (0x000000071a92c338) thrown at [C:\re\workspace\8-2-build-windows-amd64-cygwin\jdk8u202\12323\hotspot\src\share\vm\prims\jvm.cpp, line 3336]
Event: 332.503 Thread 0x000000002d0eb000 Exception <a 'java/lang/InterruptedException': sleep interrupted> (0x000000071a92c5e0) thrown at [C:\re\workspace\8-2-build-windows-amd64-cygwin\jdk8u202\12323\hotspot\src\share\vm\prims\jvm.cpp, line 3336]

Events (10 events):
Event: 332.499 Executing VM operation: RevokeBias
Event: 332.500 Executing VM operation: RevokeBias done
Event: 332.500 loading class journeymap/client/model/BlockDataArrays$DataArray
Event: 332.500 loading class journeymap/client/model/BlockDataArrays$DataArray done
Event: 332.502 Thread 0x000000002766b000 flushing nmethod 0x0000000005ea8cd0
Event: 332.506 loading class journeymap/client/model/BlockDataArrays$DataArray
Event: 332.506 loading class journeymap/client/model/BlockDataArrays$DataArray done
Event: 332.510 loading class journeymap/client/model/BlockMD
Event: 332.510 loading class journeymap/client/model/BlockMD done
Event: 332.511 Thread 0x0000000027693000 flushing nmethod 0x0000000006d23ad0


Dynamic libraries:
0x00007ff704a20000 - 0x00007ff704a57000 	C:\Program Files\Java\jdk1.8.0_202\bin\javaw.exe
0x00007ffba9af0000 - 0x00007ffba9ce8000 	C:\WINDOWS\SYSTEM32\ntdll.dll
0x00007ffba9190000 - 0x00007ffba924f000 	C:\WINDOWS\System32\KERNEL32.DLL
0x00007ffba7560000 - 0x00007ffba7832000 	C:\WINDOWS\System32\KERNELBASE.dll
0x00007ffba90e0000 - 0x00007ffba918e000 	C:\WINDOWS\System32\ADVAPI32.dll
0x00007ffba92c0000 - 0x00007ffba935e000 	C:\WINDOWS\System32\msvcrt.dll
0x00007ffba8600000 - 0x00007ffba869c000 	C:\WINDOWS\System32\sechost.dll
0x00007ffba8cd0000 - 0x00007ffba8df5000 	C:\WINDOWS\System32\RPCRT4.dll
0x00007ffba8e10000 - 0x00007ffba8fb1000 	C:\WINDOWS\System32\USER32.dll
0x00007ffba7840000 - 0x00007ffba7862000 	C:\WINDOWS\System32\win32u.dll
0x00007ffba7ce0000 - 0x00007ffba7d0b000 	C:\WINDOWS\System32\GDI32.dll
0x00007ffba7870000 - 0x00007ffba797f000 	C:\WINDOWS\System32\gdi32full.dll
0x00007ffba7380000 - 0x00007ffba741d000 	C:\WINDOWS\System32\msvcp_win.dll
0x00007ffba7250000 - 0x00007ffba7350000 	C:\WINDOWS\System32\ucrtbase.dll
0x00007ffb94e60000 - 0x00007ffb950fa000 	C:\WINDOWS\WinSxS\amd64_microsoft.windows.common-controls_6595b64144ccf1df_6.0.19041.1110_none_60b5254171f9507e\COMCTL32.dll
0x00007ffba7c10000 - 0x00007ffba7c42000 	C:\WINDOWS\System32\IMM32.DLL
0x0000000074700000 - 0x00000000747d2000 	C:\Program Files\Java\jdk1.8.0_202\jre\bin\msvcr100.dll
0x0000000073e50000 - 0x00000000746f5000 	C:\Program Files\Java\jdk1.8.0_202\jre\bin\server\jvm.dll
0x00007ffba8ca0000 - 0x00007ffba8ca8000 	C:\WINDOWS\System32\PSAPI.DLL
0x00007ffb9f1d0000 - 0x00007ffb9f1d9000 	C:\WINDOWS\SYSTEM32\WSOCK32.dll
0x00007ffb9f1a0000 - 0x00007ffb9f1c7000 	C:\WINDOWS\SYSTEM32\WINMM.dll
0x00007ffba9250000 - 0x00007ffba92bb000 	C:\WINDOWS\System32\WS2_32.dll
0x00007ffb9f790000 - 0x00007ffb9f79a000 	C:\WINDOWS\SYSTEM32\VERSION.dll
0x00007ffba3090000 - 0x00007ffba309f000 	C:\Program Files\Java\jdk1.8.0_202\jre\bin\verify.dll
0x00007ffba0ff0000 - 0x00007ffba1019000 	C:\Program Files\Java\jdk1.8.0_202\jre\bin\java.dll
0x00007ffba3030000 - 0x00007ffba3046000 	C:\Program Files\Java\jdk1.8.0_202\jre\bin\zip.dll
0x00007ffba7d10000 - 0x00007ffba8454000 	C:\WINDOWS\System32\SHELL32.dll
0x00007ffba52c0000 - 0x00007ffba5a52000 	C:\WINDOWS\SYSTEM32\windows.storage.dll
0x00007ffba9360000 - 0x00007ffba96b5000 	C:\WINDOWS\System32\combase.dll
0x00007ffba6c40000 - 0x00007ffba6c70000 	C:\WINDOWS\SYSTEM32\Wldp.dll
0x00007ffba9020000 - 0x00007ffba90cd000 	C:\WINDOWS\System32\SHCORE.dll
0x00007ffba8c40000 - 0x00007ffba8c95000 	C:\WINDOWS\System32\shlwapi.dll
0x00007ffba7120000 - 0x00007ffba713f000 	C:\WINDOWS\SYSTEM32\profapi.dll
0x00007ffba3070000 - 0x00007ffba307d000 	C:\Program Files\Java\jdk1.8.0_202\jre\bin\management.dll
0x00007ffb9fa40000 - 0x00007ffb9fa5a000 	C:\Program Files\Java\jdk1.8.0_202\jre\bin\net.dll
0x00007ffb9d010000 - 0x00007ffb9d1fd000 	C:\WINDOWS\SYSTEM32\urlmon.dll
0x00007ffba6680000 - 0x00007ffba668c000 	C:\WINDOWS\SYSTEM32\netutils.dll
0x00007ffb9cfe0000 - 0x00007ffb9d008000 	C:\WINDOWS\SYSTEM32\srvcli.dll
0x00007ffb9d5a0000 - 0x00007ffb9d851000 	C:\WINDOWS\SYSTEM32\iertutil.dll
0x00007ffba69a0000 - 0x00007ffba6a0a000 	C:\WINDOWS\system32\mswsock.dll
0x00007ffb8b0f0000 - 0x00007ffb8b107000 	C:\WINDOWS\system32\napinsp.dll
0x00007ffb8b0d0000 - 0x00007ffb8b0eb000 	C:\WINDOWS\system32\pnrpnsp.dll
0x00007ffb8aec0000 - 0x00007ffb8aed5000 	C:\WINDOWS\system32\wshbth.dll
0x00007ffba2d80000 - 0x00007ffba2d9d000 	C:\WINDOWS\system32\NLAapi.dll
0x00007ffba6640000 - 0x00007ffba667b000 	C:\WINDOWS\SYSTEM32\IPHLPAPI.DLL
0x00007ffba6690000 - 0x00007ffba675a000 	C:\WINDOWS\SYSTEM32\DNSAPI.dll
0x00007ffba90d0000 - 0x00007ffba90d8000 	C:\WINDOWS\System32\NSI.dll
0x00007ffb8ae80000 - 0x00007ffb8ae92000 	C:\WINDOWS\System32\winrnr.dll
0x00007ffb9cce0000 - 0x00007ffb9ccea000 	C:\Windows\System32\rasadhlp.dll
0x00007ffb9c980000 - 0x00007ffb9ca00000 	C:\WINDOWS\System32\fwpuclnt.dll
0x00007ffba7350000 - 0x00007ffba7377000 	C:\WINDOWS\System32\bcrypt.dll
0x00007ffb9fa20000 - 0x00007ffb9fa32000 	C:\Program Files\Java\jdk1.8.0_202\jre\bin\nio.dll
0x00007ffb9f9f0000 - 0x00007ffb9fa14000 	C:\Program Files\Java\jdk1.8.0_202\jre\bin\sunec.dll
0x00007ffba6b90000 - 0x00007ffba6ba8000 	C:\WINDOWS\SYSTEM32\CRYPTSP.dll
0x00007ffba6250000 - 0x00007ffba6284000 	C:\WINDOWS\system32\rsaenh.dll
0x00007ffba70a0000 - 0x00007ffba70ce000 	C:\WINDOWS\SYSTEM32\USERENV.dll
0x00007ffba7420000 - 0x00007ffba74a2000 	C:\WINDOWS\System32\bcryptprimitives.dll
0x00007ffba6bb0000 - 0x00007ffba6bbc000 	C:\WINDOWS\SYSTEM32\CRYPTBASE.dll
0x00007ffba1060000 - 0x00007ffba1077000 	C:\WINDOWS\SYSTEM32\dhcpcsvc6.DLL
0x00007ffba1020000 - 0x00007ffba103d000 	C:\WINDOWS\SYSTEM32\dhcpcsvc.DLL
0x00007ffb9f9d0000 - 0x00007ffb9f9e7000 	C:\Program Files\Java\jdk1.8.0_202\jre\bin\unpack.dll
0x0000000180000000 - 0x0000000180053000 	C:\Users\admin\AppData\Roaming\PolyMC\instances\Nepturon_Skyblock\natives\lwjgl64.dll
0x00007ffb77630000 - 0x00007ffb77755000 	C:\WINDOWS\SYSTEM32\OPENGL32.dll
0x00007ffb9d310000 - 0x00007ffb9d33c000 	C:\WINDOWS\SYSTEM32\GLU32.dll
0x00007ffb712e0000 - 0x00007ffb71479000 	C:\Program Files\Java\jdk1.8.0_202\jre\bin\awt.dll
0x00007ffba8700000 - 0x00007ffba87cd000 	C:\WINDOWS\System32\OLEAUT32.dll
0x00007ffba4a00000 - 0x00007ffba4a91000 	C:\WINDOWS\SYSTEM32\apphelp.dll
0x00007ffba0e40000 - 0x00007ffba0eee000 	C:\WINDOWS\SYSTEM32\mscms.dll
0x00007ffba0d90000 - 0x00007ffba0da1000 	C:\WINDOWS\SYSTEM32\ColorAdapterClient.dll
0x00007ffba50c0000 - 0x00007ffba50d2000 	C:\WINDOWS\SYSTEM32\kernel.appcore.dll
0x00007ffba4b50000 - 0x00007ffba4bee000 	C:\WINDOWS\system32\uxtheme.dll
0x00007ffba8460000 - 0x00007ffba8575000 	C:\WINDOWS\System32\MSCTF.dll
0x00007ffb9ee50000 - 0x00007ffb9ef49000 	C:\WINDOWS\SYSTEM32\textinputframework.dll
0x00007ffba4470000 - 0x00007ffba47ce000 	C:\WINDOWS\System32\CoreUIComponents.dll
0x00007ffba47d0000 - 0x00007ffba48c2000 	C:\WINDOWS\System32\CoreMessaging.dll
0x00007ffba3da0000 - 0x00007ffba3ef4000 	C:\WINDOWS\SYSTEM32\wintypes.dll
0x00007ffba6370000 - 0x00007ffba63a3000 	C:\WINDOWS\SYSTEM32\ntmarta.dll
0x00007ffba96c0000 - 0x00007ffba97ea000 	C:\WINDOWS\System32\ole32.dll
0x00007ffba9a00000 - 0x00007ffba9aaf000 	C:\WINDOWS\System32\clbcatq.dll
0x00007ffae2d20000 - 0x00007ffae6652000 	C:\WINDOWS\System32\DriverStore\FileRepository\nv_dispi.inf_amd64_f52c4b8723f8dd33\nvoglv64.dll
0x00007ffba87d0000 - 0x00007ffba8c38000 	C:\WINDOWS\System32\SETUPAPI.dll
0x00007ffba7ae0000 - 0x00007ffba7b2e000 	C:\WINDOWS\System32\cfgmgr32.dll
0x00007ffba2b00000 - 0x00007ffba2b14000 	C:\WINDOWS\SYSTEM32\WTSAPI32.dll
0x00007ffba6dd0000 - 0x00007ffba6de2000 	C:\WINDOWS\SYSTEM32\msasn1.dll
0x00007ffb9f750000 - 0x00007ffb9f781000 	C:\WINDOWS\SYSTEM32\cryptnet.dll
0x00007ffba7980000 - 0x00007ffba7ad6000 	C:\WINDOWS\System32\CRYPT32.dll
0x00007ffb9f600000 - 0x00007ffb9f748000 	C:\WINDOWS\SYSTEM32\drvstore.dll
0x00007ffba6f90000 - 0x00007ffba6fbc000 	C:\WINDOWS\SYSTEM32\devobj.dll
0x00007ffba71e0000 - 0x00007ffba7249000 	C:\WINDOWS\System32\WINTRUST.dll
0x00007ffba2620000 - 0x00007ffba265b000 	C:\WINDOWS\SYSTEM32\dxcore.dll
0x00007ffaf77f0000 - 0x00007ffaf7abf000 	C:\WINDOWS\system32\nvspcap64.dll
0x00007ffba4dd0000 - 0x00007ffba4dff000 	C:\WINDOWS\SYSTEM32\dwmapi.dll
0x00007ffb9bfa0000 - 0x00007ffb9bfe3000 	C:\WINDOWS\SYSTEM32\icm32.dll
0x00007ffba6760000 - 0x00007ffba67ab000 	C:\WINDOWS\SYSTEM32\powrprof.dll
0x00007ffba6620000 - 0x00007ffba6632000 	C:\WINDOWS\SYSTEM32\UMPDC.dll
0x00007ffba5ee0000 - 0x00007ffba5f44000 	C:\WINDOWS\SYSTEM32\WINSTA.dll
0x00007ffb97030000 - 0x00007ffb97072000 	C:\Users\admin\AppData\Local\Temp\jna-92668751\jna5472039945697401319.dll
0x00007ffba1cc0000 - 0x00007ffba1ccb000 	C:\Program Files\Java\jdk1.8.0_202\jre\bin\sunmscapi.dll
0x000000003e6b0000 - 0x000000003e714000 	C:\Users\admin\AppData\Roaming\PolyMC\instances\Nepturon_Skyblock\natives\OpenAL64.dll
0x00007ffb8ea70000 - 0x00007ffb8eb0c000 	C:\WINDOWS\SYSTEM32\dsound.dll
0x00007ffb8e890000 - 0x00007ffb8e8b6000 	C:\WINDOWS\SYSTEM32\winmmbase.dll
0x00007ffb9a700000 - 0x00007ffb9a785000 	C:\WINDOWS\System32\MMDevApi.dll
0x00007ffb7a080000 - 0x00007ffb7a202000 	C:\WINDOWS\SYSTEM32\AUDIOSES.DLL
0x00007ffba4cd0000 - 0x00007ffba4ce4000 	C:\WINDOWS\SYSTEM32\resourcepolicyclient.dll
0x00007ffb809c0000 - 0x00007ffb809f1000 	C:\Program Files\Java\jdk1.8.0_202\jre\bin\jpeg.dll
0x00007ffb9f9b0000 - 0x00007ffb9f9ca000 	C:\Users\admin\AppData\Roaming\PolyMC\instances\Nepturon_Skyblock\natives\SAPIWrapper_x64.dll

VM Arguments:
jvm_args: -XX:HeapDumpPath=MojangTricksIntelDriversForPerformance_javaw.exe_minecraft.exe.heapdump -Xms512m -Xmx8096m -Duser.language=en -Djava.library.path=C:/Users/admin/AppData/Roaming/PolyMC/instances/Nepturon_Skyblock/natives 
java_command: org.polymc.EntryPoint
java_class_path (initial): C:/Users/admin/AppData/Local/Programs/PolyMC/jars/NewLaunch.jar;C:/Users/admin/AppData/Roaming/PolyMC/libraries/net/java/jinput/jinput/2.0.5/jinput-2.0.5.jar;C:/Users/admin/AppData/Roaming/PolyMC/libraries/net/java/jutils/jutils/1.0.0/jutils-1.0.0.jar;C:/Users/admin/AppData/Roaming/PolyMC/libraries/org/lwjgl/lwjgl/lwjgl/2.9.4-nightly-20150209/lwjgl-2.9.4-nightly-20150209.jar;C:/Users/admin/AppData/Roaming/PolyMC/libraries/org/lwjgl/lwjgl/lwjgl_util/2.9.4-nightly-20150209/lwjgl_util-2.9.4-nightly-20150209.jar;C:/Users/admin/AppData/Roaming/PolyMC/libraries/com/mojang/patchy/1.3.9/patchy-1.3.9.jar;C:/Users/admin/AppData/Roaming/PolyMC/libraries/oshi-project/oshi-core/1.1/oshi-core-1.1.jar;C:/Users/admin/AppData/Roaming/PolyMC/libraries/net/java/dev/jna/jna/4.4.0/jna-4.4.0.jar;C:/Users/admin/AppData/Roaming/PolyMC/libraries/net/java/dev/jna/platform/3.4.0/platform-3.4.0.jar;C:/Users/admin/AppData/Roaming/PolyMC/libraries/com/ibm/icu/icu4j-core-mojang/51.2/icu4j-core-mojang-51.2.jar;C:/Users/admin/AppData/Roaming/PolyMC/libraries/net/sf/jopt-simple/jopt-simple/5.0.3/jopt-simple-5.0.3.jar;C:/Users/admin/AppData/Roaming/PolyMC/libraries/com/paulscode/codecjorbis/20101023/codecjorbis-20101023.jar;C:/Users/admin/AppData/Roaming/PolyMC/libraries/com/paulscode/codecwav/20101023/codecwav-20101023.jar;C:/Users/admin/AppData/Roaming/PolyMC/libraries/com/paulscode/libraryjavasound/20101123/libraryjavasound-20101123.jar;C:/Users/admin/AppData/Roaming/PolyMC/libraries/com/paulscode/librarylwjglopenal/20100824/librarylwjglopenal-20100824.jar;C:/Users/admin/AppData/Roaming/PolyMC/libraries/com/paulscode/soundsystem/20120107/soundsystem-20120107.jar;C:/Users/admin/AppData/Roaming/PolyMC/libraries/io/netty/netty-all/4.1.9.Final/netty-all-4.1.9.Final.jar;C:/Users/admin/AppData/Roaming/PolyMC/libraries/com/google/guava/guava/21.0/guava-21.0.jar;C:/Users/admin/AppData/Roaming/PolyMC/libraries/org/apache/commons/commons-lang3/3.5/commons-lang3-3.5.jar;C:/Users/
Launcher Type: SUN_STANDARD

Environment Variables:
PATH=C:\Program Files\Oculus\Support\oculus-runtime;C:\Program Files (x86)\NVIDIA Corporation\PhysX\Common;C:\Program Files\Common Files\Oracle\Java\javapath;C:\Program Files\Microsoft MPI\Bin\;C:\Program Files (x86)\Common Files\Intel\Shared Libraries\redist\intel64\compiler;C:\Program Files (x86)\Common Files\Oracle\Java\javapath;C:\WINDOWS\system32;C:\WINDOWS;C:\WINDOWS\System32\Wbem;C:\WINDOWS\System32\WindowsPowerShell\v1.0\;C:\WINDOWS\System32\OpenSSH\;C:\Program Files\Java\jdk1.8.0_202\bin;C:\Program Files\Git\cmd;C:\Program Files\dotnet\;C:\Program Files\Microsoft SQL Server\130\Tools\Binn\;C:\Program Files\PuTTY\;C:\wamp64\www;C:\Program Files (x86)\Windows Kits\10\Windows Performance Toolkit\;C:\Program Files (x86)\Windows Kits\8.1\Windows Performance Toolkit\;C:\WINDOWS\system32;C:\WINDOWS;C:\WINDOWS\System32\Wbem;C:\WINDOWS\System32\WindowsPowerShell\v1.0\;C:\WINDOWS\System32\OpenSSH\;C:\Program Files\nodejs\;C:\Program Files\NVIDIA Corporation\NVIDIA NvDLISR;C:\Users\admin\AppData\Local\Microsoft\WindowsApps;C:\Users\admin\AppData\Local\Programs\Microsoft VS Code\bin;C:\Users\admin\AppData\Local\gitkraken\bin;C:\Users\admin\AppData\Local\GitHubDesktop\bin;C:\Users\admin\AppData\Roaming\npm;C:\Users\admin\AppData\Local\JetBrains\Toolbox\scripts;
USERNAME=admin
OS=Windows_NT
PROCESSOR_IDENTIFIER=AMD64 Family 23 Model 113 Stepping 0, AuthenticAMD



---------------  S Y S T E M  ---------------

OS: Windows 10.0 , 64 bit Build 19041 (10.0.19041.2364)

CPU:total 16 (initial active 16) (16 cores per cpu, 1 threads per core) family 23 model 113 stepping 0, cmov, cx8, fxsr, mmx, sse, sse2, sse3, ssse3, sse4.1, sse4.2, popcnt, avx, avx2, aes, clmul, mmxext, 3dnowpref, lzcnt, sse4a, tsc, tscinvbit, tscinv, bmi1

Memory: 4k page, physical 25113572k(390232k free), swap 33690648k(5356k free)

vm_info: Java HotSpot(TM) 64-Bit Server VM (25.202-b08) for windows-amd64 JRE (1.8.0_202-b08), built on Dec 15 2018 19:54:30 by "java_re" with MS VC++ 10.0 (VS2010)

time: Thu Jan 19 22:47:15 2023
timezone: Eastern Standard Time
elapsed time: 332 seconds (0d 0h 5m 32s)

