#
# There is insufficient memory for the Java Runtime Environment to continue.
# Native memory allocation (malloc) failed to allocate 758736 bytes for Chunk::new
# Possible reasons:
#   The system is out of physical RAM or swap space
#   The process is running with CompressedOops enabled, and the Java Heap may be blocking the growth of the native heap
# Possible solutions:
#   Reduce memory load on the system
#   Increase physical memory or swap space
#   Check if swap backing store is full
#   Decrease Java heap size (-Xmx/-Xms)
#   Decrease number of Java threads
#   Decrease Java thread stack sizes (-Xss)
#   Set larger code cache with -XX:ReservedCodeCacheSize=
#   JVM is running with Zero Based Compressed Oops mode in which the Java heap is
#     placed in the first 32GB address space. The Java Heap base address is the
#     maximum limit for the native heap growth. Please use -XX:HeapBaseMinAddress
#     to set the Java Heap base and to place the Java Heap above 32GB virtual address.
# This output file may be truncated or incomplete.
#
#  Out of Memory Error (allocation.cpp:389), pid=25996, tid=0x00000000000065b8
#
# JRE version: Java(TM) SE Runtime Environment (8.0_202-b08) (build 1.8.0_202-b08)
# Java VM: Java HotSpot(TM) 64-Bit Server VM (25.202-b08 mixed mode windows-amd64 compressed oops)
# Failed to write core dump. Minidumps are not enabled by default on client versions of Windows
#

---------------  T H R E A D  ---------------

Current thread (0x0000000027878000):  JavaThread "C2 CompilerThread2" daemon [_thread_in_native, id=26040, stack(0x00000000297b0000,0x00000000298b0000)]

Stack: [0x00000000297b0000,0x00000000298b0000]
[error occurred during error reporting (printing stack bounds), id 0xc0000005]

Native frames: (J=compiled Java code, j=interpreted, Vv=VM code, C=native code)


Current CompileTask:
C2: 104090 19262       4       gregtech.loaders.recipe.RecyclingRecipes::finalizeOutputs (610 bytes)


---------------  P R O C E S S  ---------------

Java Threads: ( => current thread )
  0x00000000350a9000 JavaThread "ForkJoinPool.commonPool-worker-12" daemon [_thread_blocked, id=27064, stack(0x000000005c4c0000,0x000000005c5c0000)]
  0x00000000350a7800 JavaThread "ForkJoinPool.commonPool-worker-14" daemon [_thread_blocked, id=27372, stack(0x000000004d250000,0x000000004d350000)]
  0x00000000350aa800 JavaThread "ForkJoinPool.commonPool-worker-6" daemon [_thread_blocked, id=27384, stack(0x000000004d150000,0x000000004d250000)]
  0x00000000350a8800 JavaThread "ForkJoinPool.commonPool-worker-15" daemon [_thread_blocked, id=27368, stack(0x000000004d050000,0x000000004d150000)]
  0x00000000350a0000 JavaThread "ForkJoinPool.commonPool-worker-8" daemon [_thread_blocked, id=9096, stack(0x0000000043eb0000,0x0000000043fb0000)]
  0x00000000350a7000 JavaThread "ForkJoinPool.commonPool-worker-11" daemon [_thread_blocked, id=27380, stack(0x00000000292b0000,0x00000000293b0000)]
  0x000000003509f800 JavaThread "ForkJoinPool.commonPool-worker-13" daemon [_thread_blocked, id=27336, stack(0x0000000002730000,0x0000000002830000)]
  0x00000000350a6000 JavaThread "ForkJoinPool.commonPool-worker-0" daemon [_thread_blocked, id=21292, stack(0x0000000000de0000,0x0000000000ee0000)]
  0x000000003509c800 JavaThread "Thread-9" [_thread_blocked, id=19248, stack(0x00000000446b0000,0x00000000447b0000)]
  0x00000000326fb000 JavaThread "Thread-8" [_thread_blocked, id=18920, stack(0x00000000444b0000,0x00000000445b0000)]
  0x00000000326f2800 JavaThread "File IO Thread" [_thread_blocked, id=22616, stack(0x000000003d690000,0x000000003d790000)]
  0x00000000326f3000 JavaThread "Keep-Alive-SocketCleaner" daemon [_thread_blocked, id=9888, stack(0x00000000448b0000,0x00000000449b0000)]
  0x00000000326f8800 JavaThread "ForkJoinPool.commonPool-worker-3" daemon [_thread_blocked, id=23972, stack(0x00000000447b0000,0x00000000448b0000)]
  0x00000000326f8000 JavaThread "ForkJoinPool.commonPool-worker-5" daemon [_thread_blocked, id=24680, stack(0x00000000445b0000,0x00000000446b0000)]
  0x00000000326f7000 JavaThread "ForkJoinPool.commonPool-worker-1" daemon [_thread_blocked, id=3696, stack(0x00000000443b0000,0x00000000444b0000)]
  0x00000000326f6800 JavaThread "ForkJoinPool.commonPool-worker-10" daemon [_thread_blocked, id=24196, stack(0x00000000442b0000,0x00000000443b0000)]
  0x000000003252c000 JavaThread "ForkJoinPool.commonPool-worker-2" daemon [_thread_blocked, id=15760, stack(0x0000000043bb0000,0x0000000043cb0000)]
  0x000000002f7a9800 JavaThread "ForkJoinPool.commonPool-worker-9" daemon [_thread_blocked, id=9124, stack(0x0000000043ab0000,0x0000000043bb0000)]
  0x0000000030792800 JavaThread "LWJGL Timer" daemon [_thread_blocked, id=13072, stack(0x00000000437b0000,0x00000000438b0000)]
  0x0000000032ddf800 JavaThread "Thread-3" [_thread_blocked, id=10828, stack(0x0000000041f90000,0x0000000042090000)]
  0x000000002df1f800 JavaThread "Java2D Disposer" daemon [_thread_blocked, id=14024, stack(0x0000000035550000,0x0000000035650000)]
  0x000000002b507800 JavaThread "Timer hack thread" daemon [_thread_blocked, id=24852, stack(0x00000000341c0000,0x00000000342c0000)]
  0x000000002cd06000 JavaThread "Snooper Timer" daemon [_thread_blocked, id=26484, stack(0x00000000310f0000,0x00000000311f0000)]
  0x0000000027955800 JavaThread "Service Thread" daemon [_thread_blocked, id=17988, stack(0x000000002a2b0000,0x000000002a3b0000)]
  0x00000000278d6800 JavaThread "C1 CompilerThread11" daemon [_thread_blocked, id=18980, stack(0x000000002a1b0000,0x000000002a2b0000)]
  0x00000000278da000 JavaThread "C1 CompilerThread10" daemon [_thread_blocked, id=26156, stack(0x000000002a0b0000,0x000000002a1b0000)]
  0x00000000278d5800 JavaThread "C1 CompilerThread9" daemon [_thread_blocked, id=26128, stack(0x0000000029fb0000,0x000000002a0b0000)]
  0x00000000278d8000 JavaThread "C1 CompilerThread8" daemon [_thread_blocked, id=20036, stack(0x0000000029db0000,0x0000000029eb0000)]
  0x00000000278d5000 JavaThread "C2 CompilerThread7" daemon [_thread_blocked, id=4800, stack(0x0000000029cb0000,0x0000000029db0000)]
  0x00000000278b3000 JavaThread "C2 CompilerThread6" daemon [_thread_blocked, id=26124, stack(0x0000000029bb0000,0x0000000029cb0000)]
  0x0000000027890000 JavaThread "C2 CompilerThread5" daemon [_thread_blocked, id=26120, stack(0x0000000029ab0000,0x0000000029bb0000)]
  0x0000000027883800 JavaThread "C2 CompilerThread4" daemon [_thread_blocked, id=26132, stack(0x00000000299b0000,0x0000000029ab0000)]
  0x000000002787a800 JavaThread "C2 CompilerThread3" daemon [_thread_blocked, id=26136, stack(0x00000000298b0000,0x00000000299b0000)]
=>0x0000000027878000 JavaThread "C2 CompilerThread2" daemon [_thread_in_native, id=26040, stack(0x00000000297b0000,0x00000000298b0000)]
  0x0000000027873000 JavaThread "C2 CompilerThread1" daemon [_thread_blocked, id=26100, stack(0x00000000296b0000,0x00000000297b0000)]
  0x0000000027871000 JavaThread "C2 CompilerThread0" daemon [_thread_blocked, id=20700, stack(0x00000000295b0000,0x00000000296b0000)]
  0x000000002786c000 JavaThread "Attach Listener" daemon [_thread_blocked, id=13896, stack(0x00000000294b0000,0x00000000295b0000)]
  0x0000000027869000 JavaThread "Signal Dispatcher" daemon [_thread_blocked, id=3476, stack(0x00000000293b0000,0x00000000294b0000)]
  0x0000000025de5000 JavaThread "Finalizer" daemon [_thread_blocked, id=14052, stack(0x00000000290b0000,0x00000000291b0000)]
  0x0000000027856000 JavaThread "Reference Handler" daemon [_thread_blocked, id=11900, stack(0x0000000028fb0000,0x00000000290b0000)]
  0x0000000002a54800 JavaThread "Client thread" [_thread_in_Java, id=4220, stack(0x0000000002950000,0x0000000002a50000)]

Other Threads:
  0x0000000025dd6800 VMThread [stack: 0x0000000028eb0000,0x0000000028fb0000] [id=3152]
  0x000000002798f800 WatcherThread [stack: 0x000000002a3b0000,0x000000002a4b0000] [id=816]

VM state:not at safepoint (normal execution)

VM Mutex/Monitor currently owned by a thread: None

heap address: 0x00000005c6000000, size: 8096 MB, Compressed Oops mode: Zero based, Oop shift amount: 3
Narrow klass base: 0x0000000000000000, Narrow klass shift: 3
Compressed class space size: 1073741824 Address: 0x00000007c0000000

Heap:
 PSYoungGen      total 2222592K, used 955991K [0x0000000717580000, 0x00000007c0000000, 0x00000007c0000000)
  eden space 1654784K, 42% used [0x0000000717580000,0x0000000742815ec0,0x000000077c580000)
  from space 567808K, 43% used [0x000000079d580000,0x00000007ac87fe78,0x00000007c0000000)
  to   space 540672K, 0% used [0x000000077c580000,0x000000077c580000,0x000000079d580000)
 ParOldGen       total 2434048K, used 1813253K [0x00000005c6000000, 0x000000065a900000, 0x0000000717580000)
  object space 2434048K, 74% used [0x00000005c6000000,0x0000000634ac16c0,0x000000065a900000)
 Metaspace       used 160087K, capacity 164661K, committed 164736K, reserved 1189888K
  class space    used 25584K, capacity 26996K, committed 27008K, reserved 1048576K

Card table byte_map: [0x0000000011f10000,0x0000000012ef0000] byte_map_base: 0x000000000f0e0000

Marking Bits: (ParMarkBitMap*) 0x000000006c785ce0
 Begin Bits: [0x0000000014680000, 0x000000001c500000)
 End Bits:   [0x000000001c500000, 0x0000000024380000)

Polling page: 0x0000000002830000

CodeCache: size=245760Kb used=53900Kb max_used=53921Kb free=191859Kb
 bounds [0x0000000002b50000, 0x0000000006050000, 0x0000000011b50000]
 total_blobs=15027 nmethods=13662 adapters=1271
 compilation: enabled

Compilation events (10 events):
Event: 104.070 Thread 0x00000000278da000 nmethod 19314 0x0000000006018b90 code [0x0000000006018ce0, 0x0000000006018df0]
Event: 104.070 Thread 0x00000000278b3000 nmethod 19313 0x00000000060186d0 code [0x0000000006018840, 0x0000000006018988]
Event: 104.070 Thread 0x00000000278d5000 19315       4       java.lang.String::replace (28 bytes)
Event: 104.071 Thread 0x0000000027873000 19316       4       java.util.regex.Matcher::quoteReplacement (82 bytes)
Event: 104.074 Thread 0x0000000027873000 nmethod 19316 0x0000000006016550 code [0x00000000060166a0, 0x00000000060169b8]
Event: 104.075 Thread 0x0000000027883800 nmethod 19267 0x0000000006037750 code [0x0000000006037ca0, 0x000000000603a440]
Event: 104.077 Thread 0x0000000027871000 19317       4       net.minecraftforge.registries.NamespacedDefaultedWrapper::func_82594_a (9 bytes)
Event: 104.078 Thread 0x0000000027871000 nmethod 19317 0x0000000006016210 code [0x0000000006016360, 0x0000000006016428]
Event: 104.080 Thread 0x00000000278d5000 nmethod 19315 0x0000000006016f10 code [0x00000000060170c0, 0x0000000006017938]
Event: 104.082 Thread 0x0000000027890000 nmethod 19287 0x000000000603e910 code [0x000000000603ee60, 0x00000000060415c0]

GC Heap History (10 events):
Event: 88.039 GC heap before
{Heap before GC invocations=33 (full 7):
 PSYoungGen      total 1911296K, used 259062K [0x0000000717580000, 0x00000007c0000000, 0x00000007c0000000)
  eden space 1652224K, 0% used [0x0000000717580000,0x0000000717580000,0x000000077c300000)
  from space 259072K, 99% used [0x00000007b0300000,0x00000007bfffd930,0x00000007c0000000)
  to   space 555520K, 0% used [0x000000077c300000,0x000000077c300000,0x000000079e180000)
 ParOldGen       total 1704448K, used 1703791K [0x00000005c6000000, 0x000000062e080000, 0x0000000717580000)
  object space 1704448K, 99% used [0x00000005c6000000,0x000000062dfdbc90,0x000000062e080000)
 Metaspace       used 150893K, capacity 154409K, committed 154624K, reserved 1177600K
  class space    used 24454K, capacity 25556K, committed 25600K, reserved 1048576K
Event: 90.212 GC heap after
Heap after GC invocations=33 (full 7):
 PSYoungGen      total 1911296K, used 108216K [0x0000000717580000, 0x00000007c0000000, 0x00000007c0000000)
  eden space 1652224K, 0% used [0x0000000717580000,0x0000000717580000,0x000000077c300000)
  from space 259072K, 41% used [0x00000007b0300000,0x00000007b6cae140,0x00000007c0000000)
  to   space 555520K, 0% used [0x000000077c300000,0x000000077c300000,0x000000079e180000)
 ParOldGen       total 2434048K, used 1704052K [0x00000005c6000000, 0x000000065a900000, 0x0000000717580000)
  object space 2434048K, 70% used [0x00000005c6000000,0x000000062e01d070,0x000000065a900000)
 Metaspace       used 150893K, capacity 154409K, committed 154624K, reserved 1177600K
  class space    used 24454K, capacity 25556K, committed 25600K, reserved 1048576K
}
Event: 92.466 GC heap before
{Heap before GC invocations=34 (full 7):
 PSYoungGen      total 1911296K, used 1760440K [0x0000000717580000, 0x00000007c0000000, 0x00000007c0000000)
  eden space 1652224K, 100% used [0x0000000717580000,0x000000077c300000,0x000000077c300000)
  from space 259072K, 41% used [0x00000007b0300000,0x00000007b6cae140,0x00000007c0000000)
  to   space 555520K, 0% used [0x000000077c300000,0x000000077c300000,0x000000079e180000)
 ParOldGen       total 2434048K, used 1704052K [0x00000005c6000000, 0x000000065a900000, 0x0000000717580000)
  object space 2434048K, 70% used [0x00000005c6000000,0x000000062e01d070,0x000000065a900000)
 Metaspace       used 151613K, capacity 155185K, committed 155264K, reserved 1179648K
  class space    used 24535K, capacity 25676K, committed 25728K, reserved 1048576K
Event: 92.586 GC heap after
Heap after GC invocations=34 (full 7):
 PSYoungGen      total 2207744K, used 168968K [0x0000000717580000, 0x00000007c0000000, 0x00000007c0000000)
  eden space 1652224K, 0% used [0x0000000717580000,0x0000000717580000,0x000000077c300000)
  from space 555520K, 30% used [0x000000077c300000,0x0000000786802328,0x000000079e180000)
  to   space 526848K, 0% used [0x000000079fd80000,0x000000079fd80000,0x00000007c0000000)
 ParOldGen       total 2434048K, used 1731074K [0x00000005c6000000, 0x000000065a900000, 0x0000000717580000)
  object space 2434048K, 71% used [0x00000005c6000000,0x000000062fa80a70,0x000000065a900000)
 Metaspace       used 151613K, capacity 155185K, committed 155264K, reserved 1179648K
  class space    used 24535K, capacity 25676K, committed 25728K, reserved 1048576K
}
Event: 97.155 GC heap before
{Heap before GC invocations=35 (full 7):
 PSYoungGen      total 2207744K, used 1821192K [0x0000000717580000, 0x00000007c0000000, 0x00000007c0000000)
  eden space 1652224K, 100% used [0x0000000717580000,0x000000077c300000,0x000000077c300000)
  from space 555520K, 30% used [0x000000077c300000,0x0000000786802328,0x000000079e180000)
  to   space 526848K, 0% used [0x000000079fd80000,0x000000079fd80000,0x00000007c0000000)
 ParOldGen       total 2434048K, used 1731074K [0x00000005c6000000, 0x000000065a900000, 0x0000000717580000)
  object space 2434048K, 71% used [0x00000005c6000000,0x000000062fa80a70,0x000000065a900000)
 Metaspace       used 155749K, capacity 159555K, committed 159744K, reserved 1183744K
  class space    used 25057K, capacity 26251K, committed 26368K, reserved 1048576K
Event: 97.241 GC heap after
Heap after GC invocations=35 (full 7):
 PSYoungGen      total 2179072K, used 290341K [0x0000000717580000, 0x00000007be400000, 0x00000007c0000000)
  eden space 1680896K, 0% used [0x0000000717580000,0x0000000717580000,0x000000077df00000)
  from space 498176K, 58% used [0x000000079fd80000,0x00000007b1909710,0x00000007be400000)
  to   space 526848K, 0% used [0x000000077df00000,0x000000077df00000,0x000000079e180000)
 ParOldGen       total 2434048K, used 1731101K [0x00000005c6000000, 0x000000065a900000, 0x0000000717580000)
  object space 2434048K, 71% used [0x00000005c6000000,0x000000062fa876c0,0x000000065a900000)
 Metaspace       used 155749K, capacity 159555K, committed 159744K, reserved 1183744K
  class space    used 25057K, capacity 26251K, committed 26368K, reserved 1048576K
}
Event: 99.778 GC heap before
{Heap before GC invocations=36 (full 7):
 PSYoungGen      total 2179072K, used 1971237K [0x0000000717580000, 0x00000007be400000, 0x00000007c0000000)
  eden space 1680896K, 100% used [0x0000000717580000,0x000000077df00000,0x000000077df00000)
  from space 498176K, 58% used [0x000000079fd80000,0x00000007b1909710,0x00000007be400000)
  to   space 526848K, 0% used [0x000000077df00000,0x000000077df00000,0x000000079e180000)
 ParOldGen       total 2434048K, used 1731101K [0x00000005c6000000, 0x000000065a900000, 0x0000000717580000)
  object space 2434048K, 71% used [0x00000005c6000000,0x000000062fa876c0,0x000000065a900000)
 Metaspace       used 158717K, capacity 162949K, committed 163072K, reserved 1185792K
  class space    used 25439K, capacity 26780K, committed 26880K, reserved 1048576K
Event: 100.002 GC heap after
Heap after GC invocations=36 (full 7):
 PSYoungGen      total 2087936K, used 406772K [0x0000000717580000, 0x00000007c0000000, 0x00000007c0000000)
  eden space 1680896K, 0% used [0x0000000717580000,0x0000000717580000,0x000000077df00000)
  from space 407040K, 99% used [0x000000077df00000,0x0000000796c3d2d0,0x0000000796c80000)
  to   space 567808K, 0% used [0x000000079d580000,0x000000079d580000,0x00000007c0000000)
 ParOldGen       total 2434048K, used 1731109K [0x00000005c6000000, 0x000000065a900000, 0x0000000717580000)
  object space 2434048K, 71% used [0x00000005c6000000,0x000000062fa896c0,0x000000065a900000)
 Metaspace       used 158717K, capacity 162949K, committed 163072K, reserved 1185792K
  class space    used 25439K, capacity 26780K, committed 26880K, reserved 1048576K
}
Event: 102.270 GC heap before
{Heap before GC invocations=37 (full 7):
 PSYoungGen      total 2087936K, used 2087668K [0x0000000717580000, 0x00000007c0000000, 0x00000007c0000000)
  eden space 1680896K, 100% used [0x0000000717580000,0x000000077df00000,0x000000077df00000)
  from space 407040K, 99% used [0x000000077df00000,0x0000000796c3d2d0,0x0000000796c80000)
  to   space 567808K, 0% used [0x000000079d580000,0x000000079d580000,0x00000007c0000000)
 ParOldGen       total 2434048K, used 1731109K [0x00000005c6000000, 0x000000065a900000, 0x0000000717580000)
  object space 2434048K, 71% used [0x00000005c6000000,0x000000062fa896c0,0x000000065a900000)
 Metaspace       used 159764K, capacity 164327K, committed 164480K, reserved 1187840K
  class space    used 25558K, capacity 26955K, committed 27008K, reserved 1048576K
Event: 102.410 GC heap after
Heap after GC invocations=37 (full 7):
 PSYoungGen      total 2222592K, used 248831K [0x0000000717580000, 0x00000007c0000000, 0x00000007c0000000)
  eden space 1654784K, 0% used [0x0000000717580000,0x0000000717580000,0x000000077c580000)
  from space 567808K, 43% used [0x000000079d580000,0x00000007ac87fe78,0x00000007c0000000)
  to   space 540672K, 0% used [0x000000077c580000,0x000000077c580000,0x000000079d580000)
 ParOldGen       total 2434048K, used 1813253K [0x00000005c6000000, 0x000000065a900000, 0x0000000717580000)
  object space 2434048K, 74% used [0x00000005c6000000,0x0000000634ac16c0,0x000000065a900000)
 Metaspace       used 159764K, capacity 164327K, committed 164480K, reserved 1187840K
  class space    used 25558K, capacity 26955K, committed 27008K, reserved 1048576K
}

Deoptimization events (10 events):
Event: 104.001 Thread 0x0000000002a54800 Uncommon trap: reason=unstable_if action=reinterpret pc=0x0000000005a7f8a8 method=gregtech.api.unification.OreDictUnifier.getMaterial(Lnet/minecraft/item/ItemStack;)Lgregtech/api/unification/stack/MaterialStack; @ 87
Event: 104.002 Thread 0x0000000002a54800 Uncommon trap: reason=unstable_if action=reinterpret pc=0x0000000005e07120 method=java.util.stream.SliceOps$1$1.cancellationRequested()Z @ 6
Event: 104.002 Thread 0x0000000002a54800 Uncommon trap: reason=unstable_if action=reinterpret pc=0x0000000005ddaf14 method=java.util.stream.SortedOps$SizedRefSortingSink.end()V @ 90
Event: 104.002 Thread 0x0000000002a54800 Uncommon trap: reason=unstable_if action=reinterpret pc=0x0000000005e8e5c4 method=gregtech.loaders.recipe.RecyclingRecipes.finalizeOutputs(Ljava/util/List;ILjava/util/function/Function;)Ljava/util/List; @ 581
Event: 104.018 Thread 0x0000000002a54800 Uncommon trap: reason=unstable_if action=reinterpret pc=0x000000000578f558 method=net.minecraft.item.ItemStack.func_190916_E()I @ 4
Event: 104.038 Thread 0x0000000002a54800 Uncommon trap: reason=unstable_if action=reinterpret pc=0x0000000004ea4b74 method=gregtech.api.unification.OreDictUnifier.getDust(Lgregtech/api/unification/material/Material;J)Lnet/minecraft/item/ItemStack; @ 13
Event: 104.038 Thread 0x0000000002a54800 Uncommon trap: reason=unstable_if action=reinterpret pc=0x0000000006013890 method=gregtech.api.unification.OreDictUnifier.getDust(Lgregtech/api/unification/material/Material;J)Lnet/minecraft/item/ItemStack; @ 13
Event: 104.043 Thread 0x0000000002a54800 Uncommon trap: reason=unstable_if action=reinterpret pc=0x0000000005e4d2e0 method=gregtech.api.recipes.ingredients.GTRecipeItemInput.<init>([Lnet/minecraft/item/ItemStack;I)V @ 221
Event: 104.045 Thread 0x0000000002a54800 Uncommon trap: reason=unstable_if action=reinterpret pc=0x0000000005e46c14 method=java.util.WeakHashMap.get(Ljava/lang/Object;)Ljava/lang/Object; @ 56
Event: 104.045 Thread 0x0000000002a54800 Uncommon trap: reason=unstable_if action=reinterpret pc=0x0000000005d21780 method=java.util.WeakHashMap.get(Ljava/lang/Object;)Ljava/lang/Object; @ 56

Classes redefined (0 events):
No events

Internal exceptions (10 events):
Event: 100.147 Thread 0x0000000002a54800 Implicit null exception at 0x000000000542abfd to 0x000000000542aeb5
Event: 103.873 Thread 0x0000000002a54800 Exception <a 'java/lang/ArrayIndexOutOfBoundsException': 4> (0x000000073b876470) thrown at [C:\re\workspace\8-2-build-windows-amd64-cygwin\jdk8u202\12323\hotspot\src\share\vm\interpreter\interpreterRuntime.cpp, line 368]
Event: 103.879 Thread 0x0000000002a54800 Exception <a 'java/lang/ArrayIndexOutOfBoundsException': 4> (0x000000073bb1dd08) thrown at [C:\re\workspace\8-2-build-windows-amd64-cygwin\jdk8u202\12323\hotspot\src\share\vm\interpreter\interpreterRuntime.cpp, line 368]
Event: 103.886 Thread 0x0000000002a54800 Exception <a 'java/lang/ArrayIndexOutOfBoundsException': 5> (0x000000073bdc55a0) thrown at [C:\re\workspace\8-2-build-windows-amd64-cygwin\jdk8u202\12323\hotspot\src\share\vm\interpreter\interpreterRuntime.cpp, line 368]
Event: 103.892 Thread 0x0000000002a54800 Exception <a 'java/lang/ArrayIndexOutOfBoundsException': 5> (0x000000073c06ce38) thrown at [C:\re\workspace\8-2-build-windows-amd64-cygwin\jdk8u202\12323\hotspot\src\share\vm\interpreter\interpreterRuntime.cpp, line 368]
Event: 103.898 Thread 0x0000000002a54800 Exception <a 'java/lang/ArrayIndexOutOfBoundsException': 6> (0x000000073c3146d0) thrown at [C:\re\workspace\8-2-build-windows-amd64-cygwin\jdk8u202\12323\hotspot\src\share\vm\interpreter\interpreterRuntime.cpp, line 368]
Event: 103.904 Thread 0x0000000002a54800 Exception <a 'java/lang/ArrayIndexOutOfBoundsException': 6> (0x000000073c5bbf68) thrown at [C:\re\workspace\8-2-build-windows-amd64-cygwin\jdk8u202\12323\hotspot\src\share\vm\interpreter\interpreterRuntime.cpp, line 368]
Event: 103.911 Thread 0x0000000002a54800 Exception <a 'java/lang/ArrayIndexOutOfBoundsException': 7> (0x000000073c863800) thrown at [C:\re\workspace\8-2-build-windows-amd64-cygwin\jdk8u202\12323\hotspot\src\share\vm\interpreter\interpreterRuntime.cpp, line 368]
Event: 103.918 Thread 0x0000000002a54800 Exception <a 'java/lang/ArrayIndexOutOfBoundsException': 7> (0x000000073cb0cc58) thrown at [C:\re\workspace\8-2-build-windows-amd64-cygwin\jdk8u202\12323\hotspot\src\share\vm\interpreter\interpreterRuntime.cpp, line 368]
Event: 103.996 Thread 0x0000000002a54800 Exception <a 'java/lang/NoSuchMethodError': java.lang.Object.lambda$minBy$0(Ljava/util/Comparator;Ljava/lang/Object;Ljava/lang/Object;)Ljava/lang/Object;> (0x000000073ebad8e0) thrown at [C:\re\workspace\8-2-build-windows-amd64-cygwin\jdk8u202\12323\hotspo

Events (10 events):
Event: 104.087 loading class crafttweaker/mc1120/commands/Commands$4
Event: 104.087 loading class crafttweaker/mc1120/commands/Commands$4 done
Event: 104.087 loading class crafttweaker/mc1120/commands/Commands$5
Event: 104.087 loading class crafttweaker/mc1120/commands/Commands$5 done
Event: 104.088 loading class crafttweaker/mc1120/commands/Commands$6
Event: 104.088 loading class crafttweaker/mc1120/commands/Commands$6 done
Event: 104.088 loading class crafttweaker/mc1120/commands/Commands$7
Event: 104.088 loading class crafttweaker/mc1120/commands/Commands$7 done
Event: 104.088 loading class crafttweaker/mc1120/commands/Commands$8
Event: 104.088 loading class crafttweaker/mc1120/commands/Commands$8 done


Dynamic libraries:
0x00007ff6241e0000 - 0x00007ff624217000 	C:\Program Files\Java\jdk1.8.0_202\bin\javaw.exe
0x00007ffcf13b0000 - 0x00007ffcf15a8000 	C:\WINDOWS\SYSTEM32\ntdll.dll
0x00007ffcf1170000 - 0x00007ffcf122f000 	C:\WINDOWS\System32\KERNEL32.DLL
0x00007ffceed70000 - 0x00007ffcef042000 	C:\WINDOWS\System32\KERNELBASE.dll
0x00007ffcf0dc0000 - 0x00007ffcf0e6e000 	C:\WINDOWS\System32\ADVAPI32.dll
0x00007ffcf0e70000 - 0x00007ffcf0f0e000 	C:\WINDOWS\System32\msvcrt.dll
0x00007ffcefc00000 - 0x00007ffcefc9c000 	C:\WINDOWS\System32\sechost.dll
0x00007ffcefd90000 - 0x00007ffcefeb5000 	C:\WINDOWS\System32\RPCRT4.dll
0x00007ffcf0f10000 - 0x00007ffcf10b1000 	C:\WINDOWS\System32\USER32.dll
0x00007ffcef3c0000 - 0x00007ffcef3e2000 	C:\WINDOWS\System32\win32u.dll
0x00007ffcf0550000 - 0x00007ffcf057b000 	C:\WINDOWS\System32\GDI32.dll
0x00007ffcef1b0000 - 0x00007ffcef2bf000 	C:\WINDOWS\System32\gdi32full.dll
0x00007ffceeaf0000 - 0x00007ffceeb8d000 	C:\WINDOWS\System32\msvcp_win.dll
0x00007ffceeb90000 - 0x00007ffceec90000 	C:\WINDOWS\System32\ucrtbase.dll
0x00007ffcdb5f0000 - 0x00007ffcdb88a000 	C:\WINDOWS\WinSxS\amd64_microsoft.windows.common-controls_6595b64144ccf1df_6.0.19041.1110_none_60b5254171f9507e\COMCTL32.dll
0x00007ffcefd50000 - 0x00007ffcefd82000 	C:\WINDOWS\System32\IMM32.DLL
0x000000006c810000 - 0x000000006c8e2000 	C:\Program Files\Java\jdk1.8.0_202\jre\bin\msvcr100.dll
0x000000006bf60000 - 0x000000006c805000 	C:\Program Files\Java\jdk1.8.0_202\jre\bin\server\jvm.dll
0x00007ffcf1360000 - 0x00007ffcf1368000 	C:\WINDOWS\System32\PSAPI.DLL
0x00007ffc45010000 - 0x00007ffc45019000 	C:\WINDOWS\SYSTEM32\WSOCK32.dll
0x00007ffcf0ba0000 - 0x00007ffcf0c0b000 	C:\WINDOWS\System32\WS2_32.dll
0x00007ffce5b70000 - 0x00007ffce5b97000 	C:\WINDOWS\SYSTEM32\WINMM.dll
0x00007ffce7010000 - 0x00007ffce701a000 	C:\WINDOWS\SYSTEM32\VERSION.dll
0x00007ffce9470000 - 0x00007ffce947f000 	C:\Program Files\Java\jdk1.8.0_202\jre\bin\verify.dll
0x00007ffcdc240000 - 0x00007ffcdc269000 	C:\Program Files\Java\jdk1.8.0_202\jre\bin\java.dll
0x00007ffcd27a0000 - 0x00007ffcd27b6000 	C:\Program Files\Java\jdk1.8.0_202\jre\bin\zip.dll
0x00007ffcef4b0000 - 0x00007ffcefbf4000 	C:\WINDOWS\System32\SHELL32.dll
0x00007ffcecb80000 - 0x00007ffced312000 	C:\WINDOWS\SYSTEM32\windows.storage.dll
0x00007ffcf00b0000 - 0x00007ffcf0405000 	C:\WINDOWS\System32\combase.dll
0x00007ffcee500000 - 0x00007ffcee530000 	C:\WINDOWS\SYSTEM32\Wldp.dll
0x00007ffcf10c0000 - 0x00007ffcf116d000 	C:\WINDOWS\System32\SHCORE.dll
0x00007ffcf1230000 - 0x00007ffcf1285000 	C:\WINDOWS\System32\shlwapi.dll
0x00007ffcee9e0000 - 0x00007ffcee9ff000 	C:\WINDOWS\SYSTEM32\profapi.dll
0x00007ffce8100000 - 0x00007ffce810d000 	C:\Program Files\Java\jdk1.8.0_202\jre\bin\management.dll
0x00007ffcd1360000 - 0x00007ffcd137a000 	C:\Program Files\Java\jdk1.8.0_202\jre\bin\net.dll
0x00007ffce5bd0000 - 0x00007ffce5dbd000 	C:\WINDOWS\SYSTEM32\urlmon.dll
0x00007ffce5ba0000 - 0x00007ffce5bc8000 	C:\WINDOWS\SYSTEM32\srvcli.dll
0x00007ffcedf40000 - 0x00007ffcedf4c000 	C:\WINDOWS\SYSTEM32\netutils.dll
0x00007ffce0ad0000 - 0x00007ffce0d81000 	C:\WINDOWS\SYSTEM32\iertutil.dll
0x00007ffcee260000 - 0x00007ffcee2ca000 	C:\WINDOWS\system32\mswsock.dll
0x00007ffcd2330000 - 0x00007ffcd2347000 	C:\WINDOWS\system32\napinsp.dll
0x00007ffcd2310000 - 0x00007ffcd232b000 	C:\WINDOWS\system32\pnrpnsp.dll
0x00007ffcd22f0000 - 0x00007ffcd2305000 	C:\WINDOWS\system32\wshbth.dll
0x00007ffcea640000 - 0x00007ffcea65d000 	C:\WINDOWS\system32\NLAapi.dll
0x00007ffcedf00000 - 0x00007ffcedf3b000 	C:\WINDOWS\SYSTEM32\IPHLPAPI.DLL
0x00007ffcedf50000 - 0x00007ffcee01a000 	C:\WINDOWS\SYSTEM32\DNSAPI.dll
0x00007ffcf0a00000 - 0x00007ffcf0a08000 	C:\WINDOWS\System32\NSI.dll
0x00007ffcd22a0000 - 0x00007ffcd22b2000 	C:\WINDOWS\System32\winrnr.dll
0x00007ffce70e0000 - 0x00007ffce70ea000 	C:\Windows\System32\rasadhlp.dll
0x00007ffce6d00000 - 0x00007ffce6d80000 	C:\WINDOWS\System32\fwpuclnt.dll
0x00007ffceec90000 - 0x00007ffceecb7000 	C:\WINDOWS\System32\bcrypt.dll
0x00007ffcd1340000 - 0x00007ffcd1352000 	C:\Program Files\Java\jdk1.8.0_202\jre\bin\nio.dll
0x00007ffcc91d0000 - 0x00007ffcc91f4000 	C:\Program Files\Java\jdk1.8.0_202\jre\bin\sunec.dll
0x00007ffcee450000 - 0x00007ffcee468000 	C:\WINDOWS\SYSTEM32\CRYPTSP.dll
0x00007ffcedb10000 - 0x00007ffcedb44000 	C:\WINDOWS\system32\rsaenh.dll
0x00007ffcee960000 - 0x00007ffcee98e000 	C:\WINDOWS\SYSTEM32\USERENV.dll
0x00007ffcef2c0000 - 0x00007ffcef342000 	C:\WINDOWS\System32\bcryptprimitives.dll
0x00007ffcee470000 - 0x00007ffcee47c000 	C:\WINDOWS\SYSTEM32\CRYPTBASE.dll
0x00007ffce8e60000 - 0x00007ffce8e77000 	C:\WINDOWS\SYSTEM32\dhcpcsvc6.DLL
0x00007ffce8e40000 - 0x00007ffce8e5d000 	C:\WINDOWS\SYSTEM32\dhcpcsvc.DLL
0x00007ffcd1230000 - 0x00007ffcd1247000 	C:\Program Files\Java\jdk1.8.0_202\jre\bin\unpack.dll
0x0000000180000000 - 0x0000000180053000 	C:\Users\admin\AppData\Roaming\PolyMC\instances\Nepturon_Skyblock\natives\lwjgl64.dll
0x00007ffcac0d0000 - 0x00007ffcac1f5000 	C:\WINDOWS\SYSTEM32\OPENGL32.dll
0x00007ffcdc960000 - 0x00007ffcdc98c000 	C:\WINDOWS\SYSTEM32\GLU32.dll
0x00007ffc1ad10000 - 0x00007ffc1aea9000 	C:\Program Files\Java\jdk1.8.0_202\jre\bin\awt.dll
0x00007ffcf1290000 - 0x00007ffcf135d000 	C:\WINDOWS\System32\OLEAUT32.dll
0x00007ffcec2c0000 - 0x00007ffcec351000 	C:\WINDOWS\SYSTEM32\apphelp.dll
0x00007ffce8690000 - 0x00007ffce873e000 	C:\WINDOWS\SYSTEM32\mscms.dll
0x00007ffce8670000 - 0x00007ffce8681000 	C:\WINDOWS\SYSTEM32\ColorAdapterClient.dll
0x00007ffcec980000 - 0x00007ffcec992000 	C:\WINDOWS\SYSTEM32\kernel.appcore.dll
0x00007ffcec410000 - 0x00007ffcec4ae000 	C:\WINDOWS\system32\uxtheme.dll
0x00007ffcf0430000 - 0x00007ffcf0545000 	C:\WINDOWS\System32\MSCTF.dll
0x00007ffce2620000 - 0x00007ffce2719000 	C:\WINDOWS\SYSTEM32\textinputframework.dll
0x00007ffcec090000 - 0x00007ffcec182000 	C:\WINDOWS\System32\CoreMessaging.dll
0x00007ffcebd30000 - 0x00007ffcec08e000 	C:\WINDOWS\System32\CoreUIComponents.dll
0x00007ffcedc30000 - 0x00007ffcedc63000 	C:\WINDOWS\SYSTEM32\ntmarta.dll
0x00007ffceb660000 - 0x00007ffceb7b4000 	C:\WINDOWS\SYSTEM32\wintypes.dll
0x00007ffcf0a10000 - 0x00007ffcf0b3a000 	C:\WINDOWS\System32\ole32.dll
0x00007ffcefca0000 - 0x00007ffcefd4f000 	C:\WINDOWS\System32\clbcatq.dll
0x00007ffc0a430000 - 0x00007ffc0dd62000 	C:\WINDOWS\System32\DriverStore\FileRepository\nv_dispi.inf_amd64_f52c4b8723f8dd33\nvoglv64.dll
0x00007ffcf0580000 - 0x00007ffcf09e8000 	C:\WINDOWS\System32\SETUPAPI.dll
0x00007ffceeaa0000 - 0x00007ffceeaee000 	C:\WINDOWS\System32\cfgmgr32.dll
0x00007ffcea3c0000 - 0x00007ffcea3d4000 	C:\WINDOWS\SYSTEM32\WTSAPI32.dll
0x00007ffcee690000 - 0x00007ffcee6a2000 	C:\WINDOWS\SYSTEM32\msasn1.dll
0x00007ffce6f90000 - 0x00007ffce6fc1000 	C:\WINDOWS\SYSTEM32\cryptnet.dll
0x00007ffcef050000 - 0x00007ffcef1a6000 	C:\WINDOWS\System32\CRYPT32.dll
0x00007ffce6d80000 - 0x00007ffce6ec8000 	C:\WINDOWS\SYSTEM32\drvstore.dll
0x00007ffcee850000 - 0x00007ffcee87c000 	C:\WINDOWS\SYSTEM32\devobj.dll
0x00007ffcef350000 - 0x00007ffcef3b9000 	C:\WINDOWS\System32\WINTRUST.dll
0x00007ffce9cc0000 - 0x00007ffce9cfb000 	C:\WINDOWS\SYSTEM32\dxcore.dll
0x00007ffc878e0000 - 0x00007ffc87baf000 	C:\WINDOWS\system32\nvspcap64.dll
0x00007ffcec690000 - 0x00007ffcec6bf000 	C:\WINDOWS\SYSTEM32\dwmapi.dll
0x00007ffcce1b0000 - 0x00007ffcce1f3000 	C:\WINDOWS\SYSTEM32\icm32.dll
0x00007ffcee020000 - 0x00007ffcee06b000 	C:\WINDOWS\SYSTEM32\powrprof.dll
0x00007ffcedee0000 - 0x00007ffcedef2000 	C:\WINDOWS\SYSTEM32\UMPDC.dll
0x00007ffced7a0000 - 0x00007ffced804000 	C:\WINDOWS\SYSTEM32\WINSTA.dll
0x00007ffce2500000 - 0x00007ffce2542000 	C:\Users\admin\AppData\Local\Temp\jna-92668751\jna713587089121348962.dll
0x00007ffcebc90000 - 0x00007ffcebc9b000 	C:\Program Files\Java\jdk1.8.0_202\jre\bin\sunmscapi.dll
0x000000003d790000 - 0x000000003d7f4000 	C:\Users\admin\AppData\Roaming\PolyMC\instances\Nepturon_Skyblock\natives\OpenAL64.dll
0x00007ffcd65b0000 - 0x00007ffcd664c000 	C:\WINDOWS\SYSTEM32\dsound.dll
0x00007ffcd5e70000 - 0x00007ffcd5e96000 	C:\WINDOWS\SYSTEM32\winmmbase.dll
0x00007ffce3070000 - 0x00007ffce30f5000 	C:\WINDOWS\System32\MMDevApi.dll
0x00007ffcd88f0000 - 0x00007ffcd8a72000 	C:\WINDOWS\SYSTEM32\AUDIOSES.DLL
0x00007ffcec590000 - 0x00007ffcec5a4000 	C:\WINDOWS\SYSTEM32\resourcepolicyclient.dll

VM Arguments:
jvm_args: -XX:HeapDumpPath=MojangTricksIntelDriversForPerformance_javaw.exe_minecraft.exe.heapdump -Xms512m -Xmx8096m -Duser.language=en -Djava.library.path=C:/Users/admin/AppData/Roaming/PolyMC/instances/Nepturon_Skyblock/natives 
java_command: org.polymc.EntryPoint
java_class_path (initial): C:/Users/admin/AppData/Local/Programs/PolyMC/jars/NewLaunch.jar;C:/Users/admin/AppData/Roaming/PolyMC/libraries/net/java/jinput/jinput/2.0.5/jinput-2.0.5.jar;C:/Users/admin/AppData/Roaming/PolyMC/libraries/net/java/jutils/jutils/1.0.0/jutils-1.0.0.jar;C:/Users/admin/AppData/Roaming/PolyMC/libraries/org/lwjgl/lwjgl/lwjgl/2.9.4-nightly-20150209/lwjgl-2.9.4-nightly-20150209.jar;C:/Users/admin/AppData/Roaming/PolyMC/libraries/org/lwjgl/lwjgl/lwjgl_util/2.9.4-nightly-20150209/lwjgl_util-2.9.4-nightly-20150209.jar;C:/Users/admin/AppData/Roaming/PolyMC/libraries/com/mojang/patchy/1.3.9/patchy-1.3.9.jar;C:/Users/admin/AppData/Roaming/PolyMC/libraries/oshi-project/oshi-core/1.1/oshi-core-1.1.jar;C:/Users/admin/AppData/Roaming/PolyMC/libraries/net/java/dev/jna/jna/4.4.0/jna-4.4.0.jar;C:/Users/admin/AppData/Roaming/PolyMC/libraries/net/java/dev/jna/platform/3.4.0/platform-3.4.0.jar;C:/Users/admin/AppData/Roaming/PolyMC/libraries/com/ibm/icu/icu4j-core-mojang/51.2/icu4j-core-mojang-51.2.jar;C:/Users/admin/AppData/Roaming/PolyMC/libraries/net/sf/jopt-simple/jopt-simple/5.0.3/jopt-simple-5.0.3.jar;C:/Users/admin/AppData/Roaming/PolyMC/libraries/com/paulscode/codecjorbis/20101023/codecjorbis-20101023.jar;C:/Users/admin/AppData/Roaming/PolyMC/libraries/com/paulscode/codecwav/20101023/codecwav-20101023.jar;C:/Users/admin/AppData/Roaming/PolyMC/libraries/com/paulscode/libraryjavasound/20101123/libraryjavasound-20101123.jar;C:/Users/admin/AppData/Roaming/PolyMC/libraries/com/paulscode/librarylwjglopenal/20100824/librarylwjglopenal-20100824.jar;C:/Users/admin/AppData/Roaming/PolyMC/libraries/com/paulscode/soundsystem/20120107/soundsystem-20120107.jar;C:/Users/admin/AppData/Roaming/PolyMC/libraries/io/netty/netty-all/4.1.9.Final/netty-all-4.1.9.Final.jar;C:/Users/admin/AppData/Roaming/PolyMC/libraries/com/google/guava/guava/21.0/guava-21.0.jar;C:/Users/admin/AppData/Roaming/PolyMC/libraries/org/apache/commons/commons-lang3/3.5/commons-lang3-3.5.jar;C:/Users/
Launcher Type: SUN_STANDARD

Environment Variables:
PATH=C:\Program Files\Oculus\Support\oculus-runtime;C:\Program Files (x86)\NVIDIA Corporation\PhysX\Common;C:\Program Files\Common Files\Oracle\Java\javapath;C:\Program Files\Microsoft MPI\Bin\;C:\Program Files (x86)\Common Files\Intel\Shared Libraries\redist\intel64\compiler;C:\Program Files (x86)\Common Files\Oracle\Java\javapath;C:\WINDOWS\system32;C:\WINDOWS;C:\WINDOWS\System32\Wbem;C:\WINDOWS\System32\WindowsPowerShell\v1.0\;C:\WINDOWS\System32\OpenSSH\;C:\Program Files\Java\jdk1.8.0_202\bin;C:\Program Files\Git\cmd;C:\Program Files\dotnet\;C:\Program Files\Microsoft SQL Server\130\Tools\Binn\;C:\Program Files\PuTTY\;C:\wamp64\www;C:\Program Files (x86)\Windows Kits\10\Windows Performance Toolkit\;C:\Program Files (x86)\Windows Kits\8.1\Windows Performance Toolkit\;C:\WINDOWS\system32;C:\WINDOWS;C:\WINDOWS\System32\Wbem;C:\WINDOWS\System32\WindowsPowerShell\v1.0\;C:\WINDOWS\System32\OpenSSH\;C:\Program Files\nodejs\;C:\Program Files\NVIDIA Corporation\NVIDIA NvDLISR;C:\Users\admin\AppData\Local\Microsoft\WindowsApps;C:\Users\admin\AppData\Local\Programs\Microsoft VS Code\bin;C:\Users\admin\AppData\Local\gitkraken\bin;C:\Users\admin\AppData\Local\GitHubDesktop\bin;C:\Users\admin\AppData\Roaming\npm;C:\Users\admin\AppData\Local\JetBrains\Toolbox\scripts;
USERNAME=admin
OS=Windows_NT
PROCESSOR_IDENTIFIER=AMD64 Family 23 Model 113 Stepping 0, AuthenticAMD



---------------  S Y S T E M  ---------------

OS: Windows 10.0 , 64 bit Build 19041 (10.0.19041.2364)

CPU:total 16 (initial active 16) (16 cores per cpu, 1 threads per core) family 23 model 113 stepping 0, cmov, cx8, fxsr, mmx, sse, sse2, sse3, ssse3, sse4.1, sse4.2, popcnt, avx, avx2, aes, clmul, mmxext, 3dnowpref, lzcnt, sse4a, tsc, tscinvbit, tscinv, bmi1

Memory: 4k page, physical 25113572k(2381084k free), swap 31001060k(4092k free)

vm_info: Java HotSpot(TM) 64-Bit Server VM (25.202-b08) for windows-amd64 JRE (1.8.0_202-b08), built on Dec 15 2018 19:54:30 by "java_re" with MS VC++ 10.0 (VS2010)

time: Mon Jan 30 23:33:57 2023
timezone: Eastern Standard Time
elapsed time: 104 seconds (0d 0h 1m 44s)

